epoch [1/50] IoU: train = 0.6740, val = 0.6145
epoch [1/50] Local  -- IoU: train = 0.6846, val = 0.6138
epoch [1/50] Global -- IoU: train = 0.8784, val = 0.6944
train: [2.65539471e-04 7.06115970e-01 6.20738566e-01 6.51906179e-01
 8.47538532e-01 4.39910527e-01 7.77674308e-01]
val:[5.41207862e-05 7.57220137e-01 6.86031517e-01 3.76244938e-01
 7.46816659e-01 4.81214986e-01 6.39198577e-01]
Local train:[1.49914478e-04 7.69388140e-01 6.21724047e-01 6.32499847e-01
 8.57248107e-01 4.20129989e-01 8.06804076e-01]
Local val:[5.41207862e-05 7.58973523e-01 6.86946867e-01 3.73438186e-01
 7.46521536e-01 4.81430747e-01 6.35262198e-01]
Global train:[0.79255289 0.85869324 0.95244861 0.77271993 0.93846589 0.85284835
 0.89520584]
Global val:[0.20516994 0.75448817 0.870835   0.36070527 0.77520642 0.73259881
 0.67230382]
================================
epoch [2/50] IoU: train = 0.7659, val = 0.6146
epoch [2/50] Local  -- IoU: train = 0.7647, val = 0.6144
epoch [2/50] Global -- IoU: train = 0.8784, val = 0.6944
train: [0.00175942 0.83846137 0.64570385 0.73681912 0.90525101 0.61572312
 0.85350195]
val:[8.12768427e-05 7.49879167e-01 6.79977211e-01 3.84326387e-01
 7.40636100e-01 4.89537597e-01 6.43240505e-01]
Local train:[0.00140433 0.83600082 0.64507527 0.73512939 0.90475074 0.61706744
 0.85019311]
Local val:[1.34403964e-04 7.51935555e-01 6.78817993e-01 3.87518256e-01
 7.37893311e-01 4.90909241e-01 6.39470266e-01]
Global train:[0.79164272 0.85791599 0.95262191 0.77315639 0.93828538 0.85403416
 0.89431287]
Global val:[0.20516994 0.75448817 0.870835   0.36070527 0.77520642 0.73259881
 0.67230382]
================================
epoch [3/50] IoU: train = 0.7655, val = 0.6172
epoch [3/50] Local  -- IoU: train = 0.7645, val = 0.6176
epoch [3/50] Global -- IoU: train = 0.8787, val = 0.6944
train: [0.00252489 0.83644084 0.63775283 0.73422391 0.90873947 0.6179147
 0.85769119]
val:[1.50105102e-04 7.55798940e-01 6.81511030e-01 3.82858701e-01
 7.41448419e-01 4.93388668e-01 6.48152202e-01]
Local train:[0.00247006 0.83394835 0.63688172 0.73397671 0.90777469 0.61972476
 0.85464749]
Local val:[2.09705886e-04 7.59071208e-01 6.82099782e-01 3.82029268e-01
 7.39992274e-01 4.94752677e-01 6.47891910e-01]
Global train:[0.79771153 0.85959554 0.95246758 0.77298147 0.93839425 0.85383105
 0.89497642]
Global val:[0.20516994 0.75448817 0.870835   0.36070527 0.77520642 0.73259881
 0.67230382]
================================
epoch [4/50] IoU: train = 0.7684, val = 0.6170
epoch [4/50] Local  -- IoU: train = 0.7659, val = 0.6160
epoch [4/50] Global -- IoU: train = 0.8786, val = 0.6944
train: [0.00289505 0.8381817  0.6447814  0.73973059 0.90897545 0.6220548
 0.85686487]
val:[1.53956325e-04 7.49122889e-01 6.77707533e-01 3.81778751e-01
 7.47446733e-01 5.03320752e-01 6.42644776e-01]
Local train:[0.00291116 0.83296492 0.64300481 0.73631393 0.90793763 0.62251824
 0.85253781]
Local val:[2.30442838e-04 7.45199076e-01 6.71275678e-01 3.92721316e-01
 7.45737160e-01 5.02859683e-01 6.38074786e-01]
Global train:[0.79984682 0.85879964 0.95228506 0.77327359 0.93895562 0.85339228
 0.89492131]
Global val:[0.20516994 0.75448817 0.870835   0.36070527 0.77520642 0.73259881
 0.67230382]
================================
epoch [5/50] IoU: train = 0.7663, val = 0.6142
epoch [5/50] Local  -- IoU: train = 0.7654, val = 0.6158
epoch [5/50] Global -- IoU: train = 0.8778, val = 0.6944
train: [0.00260964 0.81992445 0.63810652 0.74546007 0.91093577 0.62188743
 0.86156234]
val:[1.61165023e-04 7.44168680e-01 6.84585751e-01 3.70547589e-01
 7.48029470e-01 5.00376467e-01 6.37320780e-01]
Local train:[0.00265905 0.82198521 0.63705446 0.74066451 0.90962039 0.62105003
 0.86216672]
Local val:[1.89573956e-04 7.47470051e-01 6.83955577e-01 3.75356695e-01
 7.47174817e-01 4.99849115e-01 6.41008416e-01]
Global train:[0.78850491 0.8587354  0.95254164 0.77155056 0.93751948 0.85217649
 0.89402006]
Global val:[0.20516994 0.75448817 0.870835   0.36070527 0.77520642 0.73259881
 0.67230382]
================================
epoch [6/50] IoU: train = 0.7767, val = 0.6186
epoch [6/50] Local  -- IoU: train = 0.7754, val = 0.6183
epoch [6/50] Global -- IoU: train = 0.8787, val = 0.6944
train: [0.00273211 0.84926096 0.64392992 0.75232984 0.91281043 0.62824642
 0.87343897]
val:[3.71261217e-04 7.49581846e-01 6.87286556e-01 3.70945568e-01
 7.47502841e-01 5.00552186e-01 6.55771154e-01]
Local train:[0.002819   0.85029779 0.64319976 0.74969349 0.91052685 0.62736652
 0.87130889]
Local val:[4.07068088e-04 7.44979179e-01 6.86032820e-01 3.77667883e-01
 7.46618825e-01 5.00432827e-01 6.54303417e-01]
Global train:[0.78973871 0.8588563  0.95278446 0.77415718 0.93774258 0.8537434
 0.89479347]
Global val:[0.20516994 0.75448817 0.870835   0.36070527 0.77520642 0.73259881
 0.67230382]
================================
epoch [7/50] IoU: train = 0.7685, val = 0.6129
epoch [7/50] Local  -- IoU: train = 0.7640, val = 0.6103
epoch [7/50] Global -- IoU: train = 0.8785, val = 0.6944
train: [0.00292847 0.83693166 0.6393994  0.74466798 0.91154826 0.62233588
 0.85607421]
val:[3.73288427e-04 7.52546963e-01 6.88052860e-01 3.62778541e-01
 7.45884773e-01 4.92160521e-01 6.36047028e-01]
Local train:[0.00288954 0.84133343 0.63652989 0.73594619 0.90506945 0.62106079
 0.84414282]
Local val:[4.16130674e-04 7.54873658e-01 6.87558611e-01 3.46130437e-01
 7.45801952e-01 4.90791654e-01 6.36859984e-01]
Global train:[0.79555833 0.86021983 0.9523251  0.77233586 0.93733008 0.85354594
 0.89512172]
Global val:[0.20516994 0.75448817 0.870835   0.36070527 0.77520642 0.73259881
 0.67230382]
================================
epoch [8/50] IoU: train = 0.7806, val = 0.6222
epoch [8/50] Local  -- IoU: train = 0.7767, val = 0.6167
epoch [8/50] Global -- IoU: train = 0.8779, val = 0.6944
train: [0.00304011 0.85456281 0.64726825 0.75726523 0.91189855 0.6323409
 0.88035516]
val:[2.33004389e-04 7.58800518e-01 6.80418976e-01 3.98640980e-01
 7.41186884e-01 4.99706854e-01 6.54608947e-01]
Local train:[0.00303305 0.85158861 0.64529347 0.7497407  0.90721034 0.63002675
 0.87643313]
Local val:[2.58845115e-04 7.56164670e-01 6.64533929e-01 3.95130395e-01
 7.33937366e-01 5.01798734e-01 6.48389826e-01]
Global train:[0.78859362 0.85918995 0.95198198 0.77060876 0.93793539 0.85248561
 0.89534905]
Global val:[0.20516994 0.75448817 0.870835   0.36070527 0.77520642 0.73259881
 0.67230382]
================================
epoch [9/50] IoU: train = 0.7836, val = 0.6157
epoch [9/50] Local  -- IoU: train = 0.7784, val = 0.6111
epoch [9/50] Global -- IoU: train = 0.8780, val = 0.6944
train: [0.00303116 0.85320523 0.64732325 0.76477613 0.91620477 0.64957231
 0.87022069]
val:[3.02373412e-04 7.59158672e-01 6.88793356e-01 3.64219415e-01
 7.50155226e-01 4.91306375e-01 6.40499553e-01]
Local train:[0.0030085  0.84672515 0.6440449  0.75497205 0.91175617 0.64807325
 0.86496297]
Local val:[3.25220408e-04 7.54902145e-01 6.88197293e-01 3.49452083e-01
 7.48080166e-01 4.90020204e-01 6.36242166e-01]
Global train:[0.7941207  0.85949274 0.95216258 0.77079614 0.93721352 0.85382183
 0.89423501]
Global val:[0.20516994 0.75448817 0.870835   0.36070527 0.77520642 0.73259881
 0.67230382]
================================
epoch [10/50] IoU: train = 0.7810, val = 0.6208
epoch [10/50] Local  -- IoU: train = 0.7779, val = 0.6206
epoch [10/50] Global -- IoU: train = 0.8792, val = 0.6944
train: [0.00307083 0.83615441 0.64314964 0.75690698 0.91734565 0.65556895
 0.87706598]
val:[2.09058432e-04 7.55231298e-01 6.86350879e-01 3.82078180e-01
 7.52665388e-01 5.02161230e-01 6.46543155e-01]
Local train:[0.00308333 0.83636406 0.64091426 0.74792547 0.91388391 0.65467455
 0.87338613]
Local val:[2.12712156e-04 7.55937352e-01 6.85485071e-01 3.82957515e-01
 7.51648333e-01 5.03538525e-01 6.43786495e-01]
Global train:[0.80247351 0.86035739 0.95258589 0.77451883 0.93838168 0.85381817
 0.89525122]
Global val:[0.20516994 0.75448817 0.870835   0.36070527 0.77520642 0.73259881
 0.67230382]
================================
epoch [11/50] IoU: train = 0.7843, val = 0.6233
epoch [11/50] Local  -- IoU: train = 0.7815, val = 0.6221
epoch [11/50] Global -- IoU: train = 0.8774, val = 0.6944
train: [0.00295295 0.84610102 0.64633061 0.77027328 0.92233229 0.64189733
 0.87897905]
val:[2.75298732e-04 7.62727541e-01 6.86723942e-01 3.76831600e-01
 7.52701180e-01 5.08686357e-01 6.52404499e-01]
Local train:[0.00290896 0.84466696 0.64548898 0.76799948 0.91907318 0.63766795
 0.87430103]
Local val:[2.85074477e-04 7.62675764e-01 6.86292429e-01 3.76966906e-01
 7.48572512e-01 5.09408144e-01 6.48612649e-01]
Global train:[0.78970838 0.85753497 0.95235426 0.77000533 0.93831035 0.85133821
 0.89511111]
Global val:[0.20516994 0.75448817 0.870835   0.36070527 0.77520642 0.73259881
 0.67230382]
================================
epoch [12/50] IoU: train = 0.7938, val = 0.6158
epoch [12/50] Local  -- IoU: train = 0.7907, val = 0.6086
epoch [12/50] Global -- IoU: train = 0.8771, val = 0.6944
train: [0.00297963 0.86744219 0.64357484 0.78591109 0.92261013 0.65909709
 0.88430061]
val:[3.17679051e-04 7.32806364e-01 6.84366141e-01 3.80119555e-01
 7.55163372e-01 5.11250126e-01 6.31348584e-01]
Local train:[0.00296933 0.86408931 0.64234033 0.78273368 0.92002345 0.6575965
 0.87728987]
Local val:[3.22998913e-04 7.06034909e-01 6.82571788e-01 3.81426140e-01
 7.53117515e-01 5.12758991e-01 6.15432032e-01]
Global train:[0.78450231 0.85915627 0.95196177 0.77039341 0.9364196  0.85113404
 0.89334466]
Global val:[0.20516994 0.75448817 0.870835   0.36070527 0.77520642 0.73259881
 0.67230382]
================================
epoch [13/50] IoU: train = 0.7860, val = 0.6193
epoch [13/50] Local  -- IoU: train = 0.7825, val = 0.6172
epoch [13/50] Global -- IoU: train = 0.8782, val = 0.6944
train: [0.00313444 0.8456566  0.64901716 0.76863696 0.92477079 0.65009875
 0.87784731]
val:[1.45068888e-04 7.57565588e-01 6.87044883e-01 3.71125445e-01
 7.49315005e-01 5.03101617e-01 6.47506141e-01]
Local train:[0.0031214  0.84142636 0.64797082 0.76710844 0.92235688 0.64767439
 0.86873278]
Local val:[1.05766668e-04 7.59158234e-01 6.86536276e-01 3.66503040e-01
 7.44438449e-01 5.02988256e-01 6.43744864e-01]
Global train:[0.78892734 0.85846864 0.95261135 0.77301567 0.93878355 0.85240878
 0.89389123]
Global val:[0.20516994 0.75448817 0.870835   0.36070527 0.77520642 0.73259881
 0.67230382]
================================
epoch [14/50] IoU: train = 0.7949, val = 0.6228
epoch [14/50] Local  -- IoU: train = 0.7903, val = 0.6203
epoch [14/50] Global -- IoU: train = 0.8781, val = 0.6944
train: [0.00273538 0.86352671 0.65376079 0.79128017 0.92770607 0.65291002
 0.88002755]
val:[2.92579071e-04 7.60999364e-01 6.89427957e-01 3.72756938e-01
 7.55370414e-01 5.03962142e-01 6.54215129e-01]
Local train:[0.00257689 0.85658229 0.65306361 0.78752587 0.92360087 0.65161227
 0.86958041]
Local val:[2.96152446e-04 7.56086442e-01 6.88786509e-01 3.73706868e-01
 7.52742201e-01 5.03501030e-01 6.47029473e-01]
Global train:[0.80419659 0.85923619 0.9527814  0.77142492 0.93892021 0.85188551
 0.894129  ]
Global val:[0.20516994 0.75448817 0.870835   0.36070527 0.77520642 0.73259881
 0.67230382]
================================
epoch [15/50] IoU: train = 0.8011, val = 0.6126
epoch [15/50] Local  -- IoU: train = 0.7984, val = 0.6065
epoch [15/50] Global -- IoU: train = 0.8786, val = 0.6944
train: [0.00307549 0.87465843 0.65362717 0.79933565 0.92604294 0.65879892
 0.89440783]
val:[3.42494088e-04 7.55001172e-01 6.86737139e-01 3.44436272e-01
 7.45376252e-01 5.01616750e-01 6.42561450e-01]
Local train:[0.00306783 0.87073995 0.65255405 0.79594998 0.92280381 0.65778187
 0.89079155]
Local val:[3.47221528e-04 7.53019784e-01 6.85392717e-01 3.29151919e-01
 7.34379602e-01 5.00077143e-01 6.36895355e-01]
Global train:[0.79634365 0.85991947 0.95215704 0.7711868  0.93767781 0.85498134
 0.89565486]
Global val:[0.20516994 0.75448817 0.870835   0.36070527 0.77520642 0.73259881
 0.67230382]
================================
epoch [16/50] IoU: train = 0.8001, val = 0.6180
epoch [16/50] Local  -- IoU: train = 0.7947, val = 0.6158
epoch [16/50] Global -- IoU: train = 0.8784, val = 0.6944
train: [0.00311163 0.87772239 0.65386281 0.7969431  0.9197961  0.66046464
 0.89186343]
val:[2.45093961e-04 7.59260026e-01 6.88614646e-01 3.51561178e-01
 7.54263545e-01 5.02627460e-01 6.51521561e-01]
Local train:[0.00309143 0.87460096 0.65180322 0.78718577 0.91060549 0.65759981
 0.88642491]
Local val:[2.43551096e-04 7.59421467e-01 6.88052016e-01 3.45631870e-01
 7.50891089e-01 5.02246914e-01 6.48578346e-01]
Global train:[0.79678153 0.85944744 0.95262539 0.7732359  0.93707885 0.85359346
 0.89452427]
Global val:[0.20516994 0.75448817 0.870835   0.36070527 0.77520642 0.73259881
 0.67230382]
================================
epoch [17/50] IoU: train = 0.7981, val = 0.6170
epoch [17/50] Local  -- IoU: train = 0.7922, val = 0.6143
epoch [17/50] Global -- IoU: train = 0.8785, val = 0.6944
train: [0.00315096 0.86096404 0.65547328 0.80486345 0.92868855 0.662481
 0.87609214]
val:[3.04144527e-04 7.59655104e-01 6.88261597e-01 3.52897466e-01
 7.50511879e-01 4.99535507e-01 6.51067739e-01]
Local train:[0.0031369  0.85238626 0.65403007 0.79947203 0.92552992 0.66062675
 0.86136572]
Local val:[2.94559892e-04 7.59211424e-01 6.87657046e-01 3.53544224e-01
 7.46853235e-01 4.97782875e-01 6.40631192e-01]
Global train:[0.7964129  0.85946117 0.95266714 0.77412114 0.93732867 0.85210252
 0.89561348]
Global val:[0.20516994 0.75448817 0.870835   0.36070527 0.77520642 0.73259881
 0.67230382]
================================
epoch [18/50] IoU: train = 0.8079, val = 0.6213
epoch [18/50] Local  -- IoU: train = 0.8054, val = 0.6202
epoch [18/50] Global -- IoU: train = 0.8788, val = 0.6944
train: [0.00325625 0.88073767 0.66553408 0.8131936  0.93030545 0.66461886
 0.89287361]
val:[3.34440356e-04 7.57317681e-01 6.88796902e-01 3.70387601e-01
 7.54633229e-01 5.06128313e-01 6.50271780e-01]
Local train:[0.00326041 0.88003601 0.66463419 0.80753544 0.9285308  0.66338908
 0.88805691]
Local val:[3.41265764e-04 7.58146414e-01 6.88073392e-01 3.66998251e-01
 7.52932746e-01 5.06587184e-01 6.48524847e-01]
Global train:[0.78966465 0.85816111 0.95219321 0.77516026 0.93858456 0.85261818
 0.89581012]
Global val:[0.20516994 0.75448817 0.870835   0.36070527 0.77520642 0.73259881
 0.67230382]
================================
epoch [19/50] IoU: train = 0.8078, val = 0.6216
epoch [19/50] Local  -- IoU: train = 0.8041, val = 0.6186
epoch [19/50] Global -- IoU: train = 0.8792, val = 0.6944
train: [0.00317118 0.88339446 0.65905505 0.81539543 0.93484288 0.65580092
 0.89809878]
val:[2.52550688e-04 7.57367042e-01 6.87237115e-01 3.79891805e-01
 7.53377309e-01 4.95966807e-01 6.55462293e-01]
Local train:[0.0031712  0.87915703 0.65780956 0.8103186  0.932644   0.65454718
 0.89026697]
Local val:[2.49915651e-04 7.54108974e-01 6.82648309e-01 3.81868703e-01
 7.53261428e-01 4.95785836e-01 6.43763163e-01]
Global train:[0.79791963 0.85978264 0.95321569 0.77483146 0.93823235 0.85383158
 0.89543993]
Global val:[0.20516994 0.75448817 0.870835   0.36070527 0.77520642 0.73259881
 0.67230382]
================================
epoch [20/50] IoU: train = 0.8140, val = 0.6206
epoch [20/50] Local  -- IoU: train = 0.8126, val = 0.6187
epoch [20/50] Global -- IoU: train = 0.8790, val = 0.6944
train: [0.00309056 0.88924845 0.65702633 0.82482484 0.93695879 0.67085679
 0.90534011]
val:[2.61412402e-04 7.54043341e-01 6.87985443e-01 3.69080264e-01
 7.55655297e-01 5.06674632e-01 6.50153916e-01]
Local train:[0.0030816  0.88843134 0.65641087 0.82402983 0.93515886 0.66959853
 0.90196499]
Local val:[2.37775488e-04 7.53268406e-01 6.86891976e-01 3.66842690e-01
 7.52564443e-01 5.06597580e-01 6.46002257e-01]
Global train:[0.7804891  0.8585586  0.95252449 0.77342724 0.93902024 0.85391484
 0.8962796 ]
Global val:[0.20516994 0.75448817 0.870835   0.36070527 0.77520642 0.73259881
 0.67230382]
================================
epoch [21/50] IoU: train = 0.8143, val = 0.6223
epoch [21/50] Local  -- IoU: train = 0.8112, val = 0.6196
epoch [21/50] Global -- IoU: train = 0.8789, val = 0.6944
train: [0.00316929 0.88302687 0.65805883 0.82505016 0.93635531 0.6783117
 0.90489995]
val:[3.53867583e-04 7.61736451e-01 6.88705041e-01 3.76066197e-01
 7.50631221e-01 5.03084096e-01 6.53402913e-01]
Local train:[0.00315661 0.87950727 0.65666546 0.81961085 0.93298282 0.67675416
 0.90154572]
Local val:[3.64383663e-04 7.61341437e-01 6.88357180e-01 3.70690850e-01
 7.46018229e-01 5.00973808e-01 6.50496590e-01]
Global train:[0.78537839 0.85906013 0.95287428 0.7740603  0.93803812 0.85457129
 0.89485542]
Global val:[0.20516994 0.75448817 0.870835   0.36070527 0.77520642 0.73259881
 0.67230382]
================================
epoch [22/50] IoU: train = 0.8076, val = 0.6191
epoch [22/50] Local  -- IoU: train = 0.8052, val = 0.6178
epoch [22/50] Global -- IoU: train = 0.8791, val = 0.6944
train: [0.00318269 0.87703005 0.65691568 0.81763683 0.93735661 0.65090844
 0.90601781]
val:[3.26627640e-04 7.62984680e-01 6.87697593e-01 3.58153710e-01
 7.53674578e-01 5.01540223e-01 6.50386842e-01]
Local train:[0.00318643 0.87547664 0.65579608 0.81118872 0.93509543 0.64932188
 0.9044872 ]
Local val:[3.17975546e-04 7.63341557e-01 6.86630270e-01 3.60178570e-01
 7.49739423e-01 5.00136135e-01 6.46692726e-01]
Global train:[0.78449435 0.85937724 0.95303174 0.77430342 0.93881438 0.85487367
 0.89443923]
Global val:[0.20516994 0.75448817 0.870835   0.36070527 0.77520642 0.73259881
 0.67230382]
================================
epoch [23/50] IoU: train = 0.8175, val = 0.6229
epoch [23/50] Local  -- IoU: train = 0.8156, val = 0.6213
epoch [23/50] Global -- IoU: train = 0.8782, val = 0.6944
train: [0.00320192 0.89787691 0.6548744  0.82983269 0.94050058 0.67492312
 0.90674467]
val:[2.37226417e-04 7.59115274e-01 6.86635217e-01 3.87475164e-01
 7.48365662e-01 5.05854096e-01 6.49759299e-01]
Local train:[0.00320753 0.89612026 0.65420359 0.82684947 0.93905342 0.67331085
 0.90388554]
Local val:[2.27789932e-04 7.59366563e-01 6.85046082e-01 3.87532377e-01
 7.44436110e-01 5.04845180e-01 6.46723922e-01]
Global train:[0.79034332 0.86043244 0.9524009  0.77130226 0.93734801 0.85314582
 0.89479411]
Global val:[0.20516994 0.75448817 0.870835   0.36070527 0.77520642 0.73259881
 0.67230382]
================================
epoch [24/50] IoU: train = 0.8198, val = 0.6189
epoch [24/50] Local  -- IoU: train = 0.8163, val = 0.6171
epoch [24/50] Global -- IoU: train = 0.8790, val = 0.6944
train: [0.003163   0.89505611 0.65891076 0.83827047 0.93345673 0.68500492
 0.90811376]
val:[3.10032654e-04 7.54603202e-01 6.87891864e-01 3.53339943e-01
 7.53251859e-01 5.09279842e-01 6.55292946e-01]
Local train:[0.00317425 0.89102469 0.65805227 0.83521549 0.92946876 0.68374998
 0.90054887]
Local val:[3.06793602e-04 7.54498257e-01 6.87628417e-01 3.47606312e-01
 7.50197482e-01 5.08575548e-01 6.53936070e-01]
Global train:[0.79711201 0.85930347 0.95301476 0.77394025 0.93905441 0.85362334
 0.89504629]
Global val:[0.20516994 0.75448817 0.870835   0.36070527 0.77520642 0.73259881
 0.67230382]
================================
epoch [25/50] IoU: train = 0.8179, val = 0.6241
epoch [25/50] Local  -- IoU: train = 0.8151, val = 0.6224
epoch [25/50] Global -- IoU: train = 0.8787, val = 0.6944
train: [0.0032228  0.88899354 0.65887175 0.83225184 0.94035145 0.67165981
 0.91552004]
val:[3.48035139e-04 7.62666481e-01 6.88643165e-01 3.70486369e-01
 7.55246352e-01 5.11910879e-01 6.55454106e-01]
Local train:[0.00322482 0.88525108 0.65762671 0.82727187 0.93745423 0.67041217
 0.91244881]
Local val:[3.41506072e-04 7.62262963e-01 6.87930823e-01 3.66694388e-01
 7.52442136e-01 5.12305415e-01 6.52903176e-01]
Global train:[0.78651757 0.86005039 0.95248913 0.77145325 0.93824345 0.8547027
 0.89528108]
Global val:[0.20516994 0.75448817 0.870835   0.36070527 0.77520642 0.73259881
 0.67230382]
================================
epoch [26/50] IoU: train = 0.8222, val = 0.6249
epoch [26/50] Local  -- IoU: train = 0.8196, val = 0.6235
epoch [26/50] Global -- IoU: train = 0.8780, val = 0.6944
train: [0.00321569 0.89768098 0.65831317 0.8467362  0.93744064 0.68145403
 0.91133162]
val:[2.52260290e-04 7.62194299e-01 6.87169162e-01 3.82837939e-01
 7.54446023e-01 5.09633631e-01 6.53161431e-01]
Local train:[0.00320601 0.89444115 0.65731345 0.84426184 0.93442865 0.68024593
 0.90706627]
Local val:[2.43916404e-04 7.62740481e-01 6.86581650e-01 3.79880787e-01
 7.50949109e-01 5.09904183e-01 6.50852816e-01]
Global train:[0.78159227 0.85797959 0.95225752 0.77054752 0.93809384 0.85421329
 0.89475639]
Global val:[0.20516994 0.75448817 0.870835   0.36070527 0.77520642 0.73259881
 0.67230382]
================================
epoch [27/50] IoU: train = 0.8222, val = 0.6153
epoch [27/50] Local  -- IoU: train = 0.8194, val = 0.6148
epoch [27/50] Global -- IoU: train = 0.8781, val = 0.6944
train: [0.00315167 0.90019376 0.66126953 0.84241351 0.94494016 0.67974428
 0.90488463]
val:[3.39686841e-04 7.56816394e-01 6.88022201e-01 3.44896935e-01
 7.49508416e-01 5.02631765e-01 6.49873517e-01]
Local train:[0.00314156 0.89832514 0.66033325 0.83750428 0.94222862 0.67649128
 0.901584  ]
Local val:[3.35151138e-04 7.56628382e-01 6.87618578e-01 3.47839596e-01
 7.46406726e-01 5.01279030e-01 6.49188633e-01]
Global train:[0.80979926 0.85737295 0.95271719 0.77289269 0.93855721 0.85364716
 0.89313002]
Global val:[0.20516994 0.75448817 0.870835   0.36070527 0.77520642 0.73259881
 0.67230382]
================================
epoch [28/50] IoU: train = 0.8256, val = 0.6210
epoch [28/50] Local  -- IoU: train = 0.8248, val = 0.6203
epoch [28/50] Global -- IoU: train = 0.8787, val = 0.6944
train: [0.00320548 0.90632863 0.65769417 0.8496426  0.94249525 0.68241256
 0.91502672]
val:[3.43801316e-04 7.56937442e-01 6.87196068e-01 3.72355480e-01
 7.51382763e-01 5.04624118e-01 6.53783967e-01]
Local train:[0.00320278 0.90545251 0.65755896 0.84875918 0.94139393 0.68136755
 0.91447573]
Local val:[3.40604794e-04 7.56570707e-01 6.86384152e-01 3.72861943e-01
 7.49348616e-01 5.04654751e-01 6.51885277e-01]
Global train:[0.7881407  0.85953719 0.95250283 0.77163839 0.93749996 0.85575324
 0.89510199]
Global val:[0.20516994 0.75448817 0.870835   0.36070527 0.77520642 0.73259881
 0.67230382]
================================
epoch [29/50] IoU: train = 0.8285, val = 0.6201
epoch [29/50] Local  -- IoU: train = 0.8264, val = 0.6178
epoch [29/50] Global -- IoU: train = 0.8785, val = 0.6944
train: [0.00303673 0.90558654 0.6659245  0.85142517 0.94363209 0.68626496
 0.91834795]
val:[3.20807458e-04 7.49478609e-01 6.87984065e-01 3.74237936e-01
 7.52599076e-01 5.03689058e-01 6.52340436e-01]
Local train:[0.00291111 0.90386744 0.66510493 0.84716132 0.94172945 0.68446757
 0.91634485]
Local val:[3.18431302e-04 7.47081470e-01 6.86878905e-01 3.74723209e-01
 7.46635915e-01 5.03473857e-01 6.47921206e-01]
Global train:[0.78933766 0.8589622  0.95241095 0.77294259 0.93858733 0.85222927
 0.89582251]
Global val:[0.20516994 0.75448817 0.870835   0.36070527 0.77520642 0.73259881
 0.67230382]
================================
epoch [30/50] IoU: train = 0.8276, val = 0.6188
epoch [30/50] Local  -- IoU: train = 0.8258, val = 0.6172
epoch [30/50] Global -- IoU: train = 0.8785, val = 0.6944
train: [0.00308447 0.90202013 0.65748006 0.85094886 0.9454893  0.68847574
 0.92089691]
val:[3.76698509e-04 7.55524025e-01 6.88143915e-01 3.68280129e-01
 7.51284391e-01 5.01845085e-01 6.47974742e-01]
Local train:[0.00308644 0.89943663 0.6568082  0.84778915 0.94472891 0.68764921
 0.91862654]
Local val:[3.77642605e-04 7.55535584e-01 6.87001907e-01 3.69050860e-01
 7.46968836e-01 4.99443079e-01 6.44919761e-01]
Global train:[0.79474474 0.8597889  0.95218484 0.77118311 0.93794489 0.85324029
 0.89636208]
Global val:[0.20516994 0.75448817 0.870835   0.36070527 0.77520642 0.73259881
 0.67230382]
================================
epoch [31/50] IoU: train = 0.8335, val = 0.6193
epoch [31/50] Local  -- IoU: train = 0.8320, val = 0.6179
epoch [31/50] Global -- IoU: train = 0.8782, val = 0.6944
train: [0.00322372 0.90688632 0.66189853 0.85548472 0.9490682  0.70400042
 0.9233625 ]
val:[3.65328820e-04 7.59410414e-01 6.87721626e-01 3.69266626e-01
 7.53422485e-01 4.95751401e-01 6.50210270e-01]
Local train:[0.00321977 0.90548409 0.6614605  0.85315473 0.9474116  0.70320141
 0.92145686]
Local val:[3.67519896e-04 7.59432655e-01 6.87094194e-01 3.67889541e-01
 7.50736910e-01 4.93171617e-01 6.49008492e-01]
Global train:[0.7935326  0.85821706 0.95246963 0.77144561 0.93808058 0.85363119
 0.89549932]
Global val:[0.20516994 0.75448817 0.870835   0.36070527 0.77520642 0.73259881
 0.67230382]
================================
epoch [32/50] IoU: train = 0.8326, val = 0.6206
epoch [32/50] Local  -- IoU: train = 0.8314, val = 0.6189
epoch [32/50] Global -- IoU: train = 0.8783, val = 0.6944
train: [0.00324498 0.90982696 0.66613793 0.85774562 0.94794488 0.69259956
 0.92151766]
val:[3.78427597e-04 7.55230243e-01 6.85734810e-01 3.71079895e-01
 7.53162720e-01 5.09907249e-01 6.48252910e-01]
Local train:[0.00324561 0.90778241 0.66575312 0.85674952 0.94681927 0.6918299
 0.91931857]
Local val:[3.82574158e-04 7.51416585e-01 6.83519605e-01 3.71608843e-01
 7.51113330e-01 5.10535441e-01 6.45300860e-01]
Global train:[0.79922598 0.8597254  0.95235785 0.77136215 0.93734727 0.85346336
 0.89542983]
Global val:[0.20516994 0.75448817 0.870835   0.36070527 0.77520642 0.73259881
 0.67230382]
================================
epoch [33/50] IoU: train = 0.8295, val = 0.6243
epoch [33/50] Local  -- IoU: train = 0.8281, val = 0.6235
epoch [33/50] Global -- IoU: train = 0.8784, val = 0.6944
train: [0.00321063 0.91152978 0.6597421  0.86130977 0.94713416 0.67729247
 0.92004185]
val:[2.73899300e-04 7.59746205e-01 6.87142091e-01 3.82710789e-01
 7.54792084e-01 5.05774446e-01 6.55787881e-01]
Local train:[0.00321127 0.90893029 0.65930043 0.85949291 0.94651715 0.67630889
 0.91820048]
Local val:[2.52273335e-04 7.59302010e-01 6.86514853e-01 3.84517161e-01
 7.52514467e-01 5.04854990e-01 6.53018494e-01]
Global train:[0.79030759 0.85957074 0.95198796 0.77210311 0.93734937 0.85302394
 0.89624721]
Global val:[0.20516994 0.75448817 0.870835   0.36070527 0.77520642 0.73259881
 0.67230382]
================================
epoch [34/50] IoU: train = 0.8347, val = 0.6205
epoch [34/50] Local  -- IoU: train = 0.8330, val = 0.6195
epoch [34/50] Global -- IoU: train = 0.8779, val = 0.6944
train: [0.00324744 0.91685879 0.66528242 0.86525257 0.94981732 0.68869544
 0.92200601]
val:[3.07452820e-04 7.57695510e-01 6.87958154e-01 3.60813163e-01
 7.56679694e-01 5.06142792e-01 6.53607126e-01]
Local train:[0.00326164 0.91498143 0.66473891 0.86203649 0.94880579 0.68754977
 0.91962827]
Local val:[2.92795638e-04 7.57713726e-01 6.87203209e-01 3.59744739e-01
 7.54801769e-01 5.06034602e-01 6.51313884e-01]
Global train:[0.79900693 0.85855347 0.95225605 0.7718089  0.93830107 0.85342465
 0.8933394 ]
Global val:[0.20516994 0.75448817 0.870835   0.36070527 0.77520642 0.73259881
 0.67230382]
================================
epoch [35/50] IoU: train = 0.8396, val = 0.6199
epoch [35/50] Local  -- IoU: train = 0.8387, val = 0.6191
epoch [35/50] Global -- IoU: train = 0.8776, val = 0.6944
train: [0.00326213 0.91556045 0.66797781 0.87152344 0.94820208 0.70607838
 0.92799339]
val:[3.22653502e-04 7.57002247e-01 6.88257906e-01 3.57784901e-01
 7.55881572e-01 5.05904749e-01 6.54380213e-01]
Local train:[0.00326375 0.91453203 0.66779222 0.87087172 0.9475131  0.70536494
 0.92633091]
Local val:[3.06354635e-04 7.56628334e-01 6.87623947e-01 3.58650989e-01
 7.54320529e-01 5.05600236e-01 6.51728228e-01]
Global train:[0.80113052 0.85880787 0.95194374 0.77093009 0.93746596 0.85246244
 0.89373262]
Global val:[0.20516994 0.75448817 0.870835   0.36070527 0.77520642 0.73259881
 0.67230382]
================================
epoch [36/50] IoU: train = 0.8356, val = 0.6219
epoch [36/50] Local  -- IoU: train = 0.8336, val = 0.6199
epoch [36/50] Global -- IoU: train = 0.8788, val = 0.6944
train: [0.00324145 0.91325985 0.66578548 0.86736712 0.94771986 0.69772317
 0.92197685]
val:[2.83567968e-04 7.54008460e-01 6.87351345e-01 3.71195464e-01
 7.57633485e-01 5.06577565e-01 6.54828135e-01]
Local train:[0.00323239 0.90972751 0.66535156 0.86565425 0.94678383 0.69697562
 0.91720185]
Local val:[2.79204855e-04 7.52281229e-01 6.87020378e-01 3.67827677e-01
 7.54800714e-01 5.05404677e-01 6.51848360e-01]
Global train:[0.78994698 0.86009171 0.95287182 0.77296508 0.93848343 0.85352695
 0.89495637]
Global val:[0.20516994 0.75448817 0.870835   0.36070527 0.77520642 0.73259881
 0.67230382]
================================
epoch [37/50] IoU: train = 0.8372, val = 0.6240
epoch [37/50] Local  -- IoU: train = 0.8359, val = 0.6225
epoch [37/50] Global -- IoU: train = 0.8783, val = 0.6944
train: [0.00316296 0.92138757 0.66195686 0.8706163  0.94922048 0.69373266
 0.926124  ]
val:[4.04588696e-04 7.57609921e-01 6.86153556e-01 3.83097375e-01
 7.51825297e-01 5.11082326e-01 6.53943820e-01]
Local train:[0.00315975 0.92001735 0.66136132 0.86855338 0.94754515 0.69285205
 0.92483022]
Local val:[4.08168868e-04 7.57680009e-01 6.84936897e-01 3.82411913e-01
 7.48605063e-01 5.10219843e-01 6.50864337e-01]
Global train:[0.78082406 0.85864362 0.95219856 0.7717502  0.93789107 0.85364426
 0.89593906]
Global val:[0.20516994 0.75448817 0.870835   0.36070527 0.77520642 0.73259881
 0.67230382]
================================
epoch [38/50] IoU: train = 0.8362, val = 0.6239
epoch [38/50] Local  -- IoU: train = 0.8349, val = 0.6233
epoch [38/50] Global -- IoU: train = 0.8785, val = 0.6944
train: [0.00333374 0.91869478 0.67202592 0.86669387 0.94954227 0.68423939
 0.9260118 ]
val:[3.91413791e-04 7.61336506e-01 6.87406974e-01 3.78187559e-01
 7.52298793e-01 5.09219801e-01 6.55163702e-01]
Local train:[0.00333928 0.91741733 0.67155622 0.86351463 0.94895867 0.68333302
 0.92475701]
Local val:[3.87273632e-04 7.60302634e-01 6.85996733e-01 3.82700529e-01
 7.48261487e-01 5.09599965e-01 6.52752225e-01]
Global train:[0.79571254 0.85901116 0.95261499 0.77361716 0.93750952 0.85366384
 0.89485709]
Global val:[0.20516994 0.75448817 0.870835   0.36070527 0.77520642 0.73259881
 0.67230382]
================================
epoch [39/50] IoU: train = 0.8408, val = 0.6177
epoch [39/50] Local  -- IoU: train = 0.8397, val = 0.6161
epoch [39/50] Global -- IoU: train = 0.8784, val = 0.6944
train: [0.00328057 0.91802665 0.67000517 0.8704381  0.95064365 0.70692162
 0.92849241]
val:[3.25912224e-04 7.57986692e-01 6.86574829e-01 3.50773932e-01
 7.55326935e-01 5.01067798e-01 6.54248352e-01]
Local train:[0.00328527 0.91649504 0.66964461 0.86976699 0.94991987 0.70650168
 0.9259956 ]
Local val:[3.18389595e-04 7.57618980e-01 6.85701711e-01 3.49210977e-01
 7.54023271e-01 4.99131964e-01 6.51040653e-01]
Global train:[0.78443478 0.85850103 0.95228154 0.77325365 0.93718695 0.85431341
 0.89466888]
Global val:[0.20516994 0.75448817 0.870835   0.36070527 0.77520642 0.73259881
 0.67230382]
================================
epoch [40/50] IoU: train = 0.8414, val = 0.6185
epoch [40/50] Local  -- IoU: train = 0.8407, val = 0.6175
epoch [40/50] Global -- IoU: train = 0.8791, val = 0.6944
train: [0.00332185 0.92212625 0.67404651 0.88106776 0.9527281  0.68760361
 0.93070916]
val:[3.26646484e-04 7.60973431e-01 6.87125529e-01 3.54035318e-01
 7.54184044e-01 5.02392635e-01 6.52283690e-01]
Local train:[0.0033411  0.92150125 0.67377661 0.88032443 0.95204492 0.68689701
 0.92983197]
Local val:[3.11106753e-04 7.60554177e-01 6.85786084e-01 3.54612280e-01
 7.52303113e-01 5.02454366e-01 6.49494116e-01]
Global train:[0.79434107 0.85938968 0.95289317 0.77465119 0.93840786 0.85499606
 0.89406957]
Global val:[0.20516994 0.75448817 0.870835   0.36070527 0.77520642 0.73259881
 0.67230382]
================================
epoch [41/50] IoU: train = 0.8434, val = 0.6204
epoch [41/50] Local  -- IoU: train = 0.8430, val = 0.6193
epoch [41/50] Global -- IoU: train = 0.8792, val = 0.6944
train: [0.00328209 0.92223624 0.66876431 0.88347717 0.95317812 0.69426823
 0.93868801]
val:[3.34339924e-04 7.58578451e-01 6.87218827e-01 3.69694616e-01
 7.49904703e-01 5.04229643e-01 6.52501061e-01]
Local train:[0.00327787 0.92153565 0.66867231 0.88295868 0.9529192  0.69409874
 0.93785034]
Local val:[3.32001054e-04 7.58676075e-01 6.86853063e-01 3.68985144e-01
 7.47262023e-01 5.03805213e-01 6.50349480e-01]
Global train:[0.79711316 0.85880917 0.95265155 0.77557046 0.93884821 0.85267106
 0.89644239]
Global val:[0.20516994 0.75448817 0.870835   0.36070527 0.77520642 0.73259881
 0.67230382]
================================
epoch [42/50] IoU: train = 0.8426, val = 0.6210
epoch [42/50] Local  -- IoU: train = 0.8420, val = 0.6202
epoch [42/50] Global -- IoU: train = 0.8790, val = 0.6944
train: [0.00335    0.9201377  0.67278201 0.88469249 0.95658268 0.6898694
 0.93136546]
val:[3.87140058e-04 7.58007070e-01 6.87288208e-01 3.66444918e-01
 7.53967718e-01 5.07990512e-01 6.52059307e-01]
Local train:[0.0033508  0.91941304 0.67264749 0.88379    0.95611128 0.68923687
 0.93070797]
Local val:[3.85097608e-04 7.57735196e-01 6.86526328e-01 3.67871978e-01
 7.51505809e-01 5.08462021e-01 6.49126803e-01]
Global train:[0.79945309 0.85941621 0.9523884  0.77415133 0.93861608 0.85399546
 0.89562012]
Global val:[0.20516994 0.75448817 0.870835   0.36070527 0.77520642 0.73259881
 0.67230382]
================================
epoch [43/50] IoU: train = 0.8414, val = 0.6213
epoch [43/50] Local  -- IoU: train = 0.8410, val = 0.6202
epoch [43/50] Global -- IoU: train = 0.8789, val = 0.6944
train: [0.00328089 0.92628949 0.66956169 0.88075112 0.95243689 0.68524693
 0.93436621]
val:[4.17807788e-04 7.58309195e-01 6.88236383e-01 3.67229211e-01
 7.53359125e-01 5.06256980e-01 6.54563275e-01]
Local train:[0.00330164 0.92555047 0.66946009 0.88025093 0.95216559 0.6849586
 0.93368046]
Local val:[4.19702987e-04 7.57987518e-01 6.87949189e-01 3.65626822e-01
 7.50811050e-01 5.06525852e-01 6.52193559e-01]
Global train:[0.78626201 0.86222682 0.95254716 0.77192501 0.93787188 0.85244729
 0.89609334]
Global val:[0.20516994 0.75448817 0.870835   0.36070527 0.77520642 0.73259881
 0.67230382]
================================
epoch [44/50] IoU: train = 0.8423, val = 0.6185
epoch [44/50] Local  -- IoU: train = 0.8419, val = 0.6173
epoch [44/50] Global -- IoU: train = 0.8784, val = 0.6944
train: [0.00329812 0.91985275 0.67035602 0.88083978 0.95737264 0.69006035
 0.93514152]
val:[3.09994326e-04 7.50123569e-01 6.86439454e-01 3.69177596e-01
 7.50734183e-01 5.01233471e-01 6.53479332e-01]
Local train:[0.00330439 0.91916717 0.6702443  0.88061782 0.95722416 0.68956432
 0.93462177]
Local val:[2.91739062e-04 7.49227643e-01 6.85899423e-01 3.69116421e-01
 7.47922621e-01 5.00939426e-01 6.50799618e-01]
Global train:[0.78422854 0.86034057 0.95237482 0.77210253 0.93904507 0.85318596
 0.89360012]
Global val:[0.20516994 0.75448817 0.870835   0.36070527 0.77520642 0.73259881
 0.67230382]
================================
epoch [45/50] IoU: train = 0.8439, val = 0.6212
epoch [45/50] Local  -- IoU: train = 0.8435, val = 0.6201
epoch [45/50] Global -- IoU: train = 0.8798, val = 0.6944
train: [0.00325035 0.92707887 0.66632762 0.88695263 0.95402544 0.69612602
 0.9325937 ]
val:[3.87785813e-04 7.60745560e-01 6.86854041e-01 3.66110508e-01
 7.53193379e-01 5.06913925e-01 6.53594888e-01]
Local train:[0.00326128 0.92676795 0.66619291 0.8865575  0.95370612 0.6958549
 0.93174613]
Local val:[3.81923636e-04 7.60682383e-01 6.86065799e-01 3.64276036e-01
 7.51150675e-01 5.07338466e-01 6.51287160e-01]
Global train:[0.7967393  0.8607356  0.95315404 0.77606154 0.93836518 0.85265407
 0.8980369 ]
Global val:[0.20516994 0.75448817 0.870835   0.36070527 0.77520642 0.73259881
 0.67230382]
================================
epoch [46/50] IoU: train = 0.8432, val = 0.6199
epoch [46/50] Local  -- IoU: train = 0.8428, val = 0.6186
epoch [46/50] Global -- IoU: train = 0.8788, val = 0.6944
train: [0.00320712 0.92745364 0.66608136 0.88188739 0.95221782 0.70011383
 0.9313507 ]
val:[3.74257357e-04 7.57813177e-01 6.87885165e-01 3.63594271e-01
 7.54621657e-01 5.06362368e-01 6.49144054e-01]
Local train:[0.00321752 0.92706421 0.66601226 0.88144502 0.9519765  0.69966133
 0.93092605]
Local val:[3.68857869e-04 7.57219852e-01 6.87370740e-01 3.63293236e-01
 7.51881915e-01 5.06098894e-01 6.45946228e-01]
Global train:[0.78562968 0.85892166 0.9525018  0.77437967 0.93864991 0.85298651
 0.89541499]
Global val:[0.20516994 0.75448817 0.870835   0.36070527 0.77520642 0.73259881
 0.67230382]
================================
epoch [47/50] IoU: train = 0.8412, val = 0.6216
epoch [47/50] Local  -- IoU: train = 0.8409, val = 0.6205
epoch [47/50] Global -- IoU: train = 0.8787, val = 0.6944
train: [0.00322543 0.92670949 0.66633109 0.8836612  0.95322264 0.6818233
 0.9353687 ]
val:[3.63810096e-04 7.54494117e-01 6.88177283e-01 3.72970606e-01
 7.57150010e-01 5.03958427e-01 6.53002357e-01]
Local train:[0.00323946 0.92632968 0.66628402 0.88322771 0.95308966 0.68164707
 0.93495538]
Local val:[3.58478303e-04 7.53905232e-01 6.87561893e-01 3.72988112e-01
 7.55046352e-01 5.03310210e-01 6.50444622e-01]
Global train:[0.79777026 0.86081511 0.9523425  0.77193446 0.93818412 0.85324939
 0.89542031]
Global val:[0.20516994 0.75448817 0.870835   0.36070527 0.77520642 0.73259881
 0.67230382]
================================
epoch [48/50] IoU: train = 0.8465, val = 0.6158
epoch [48/50] Local  -- IoU: train = 0.8464, val = 0.6145
epoch [48/50] Global -- IoU: train = 0.8799, val = 0.6944
train: [0.00327365 0.92933383 0.6718184  0.88453952 0.95353726 0.7058086
 0.93399599]
val:[3.55608485e-04 7.55163671e-01 6.85357338e-01 3.54823098e-01
 7.53023019e-01 5.01683607e-01 6.44860664e-01]
Local train:[0.00329174 0.92924951 0.67181726 0.88446105 0.95341555 0.70577234
 0.93385827]
Local val:[3.46666530e-04 7.54521667e-01 6.84498960e-01 3.55141342e-01
 7.50751257e-01 5.00983890e-01 6.41174450e-01]
Global train:[0.80227472 0.86169314 0.95284121 0.77515489 0.93852189 0.85537865
 0.89579705]
Global val:[0.20516994 0.75448817 0.870835   0.36070527 0.77520642 0.73259881
 0.67230382]
================================
epoch [49/50] IoU: train = 0.8470, val = 0.6160
epoch [49/50] Local  -- IoU: train = 0.8469, val = 0.6147
epoch [49/50] Global -- IoU: train = 0.8787, val = 0.6944
train: [0.00325111 0.92921358 0.66819762 0.89212211 0.95365893 0.70041346
 0.93847675]
val:[3.64898047e-04 7.54842722e-01 6.86761189e-01 3.50830114e-01
 7.52542018e-01 4.99436870e-01 6.51554244e-01]
Local train:[0.00326776 0.92906223 0.66817007 0.89208792 0.95358882 0.70037065
 0.93826464]
Local val:[3.57288993e-04 7.54716690e-01 6.86314694e-01 3.49410244e-01
 7.50572032e-01 4.97614432e-01 6.49676964e-01]
Global train:[0.80104248 0.86119536 0.95259474 0.77234687 0.938418   0.85170391
 0.89599377]
Global val:[0.20516994 0.75448817 0.870835   0.36070527 0.77520642 0.73259881
 0.67230382]
================================
epoch [50/50] IoU: train = 0.8486, val = 0.6183
epoch [50/50] Local  -- IoU: train = 0.8486, val = 0.6168
epoch [50/50] Global -- IoU: train = 0.8783, val = 0.6944
train: [0.00330623 0.93105881 0.66970336 0.88887575 0.95626007 0.70869901
 0.93695265]
val:[3.84478641e-04 7.56098793e-01 6.86477334e-01 3.66180334e-01
 7.51374933e-01 5.05115112e-01 6.44644393e-01]
Local train:[0.00330773 0.93103736 0.66974037 0.88891977 0.95624391 0.70862989
 0.93683507]
Local val:[3.72963176e-04 7.55256150e-01 6.85850580e-01 3.65639191e-01
 7.48239677e-01 5.04761811e-01 6.40876047e-01]
Global train:[0.79651601 0.85903984 0.95243232 0.77172993 0.93847814 0.85299795
 0.89535106]
Global val:[0.20516994 0.75448817 0.870835   0.36070527 0.77520642 0.73259881
 0.67230382]
================================
