epoch [1/120] IoU: train = 0.8319, val = 0.6697
epoch [1/120] Local  -- IoU: train = 0.8595, val = 0.6690
epoch [1/120] Global -- IoU: train = 0.7784, val = 0.6916
train: [0.01729872 0.81972186 0.88857977 0.70477655 0.90659653 0.8237933
 0.84776368]
val:[0.00100888 0.75644806 0.81398028 0.37753759 0.74874842 0.66012183
 0.66117102]
Local train:[0.01897071 0.85015041 0.90059084 0.75305594 0.92937783 0.84408489
 0.88002776]
Local val:[0.0011544  0.7547053  0.83156078 0.35923407 0.74721362 0.65966044
 0.66135755]
Global train:[0.14710589 0.76151552 0.91467559 0.64917796 0.86875804 0.71027341
 0.76628095]
Global val:[0.03725756 0.74733313 0.86703354 0.37973736 0.77351165 0.72404049
 0.65811781]
================================
epoch [2/120] IoU: train = 0.8410, val = 0.6960
epoch [2/120] Local  -- IoU: train = 0.8595, val = 0.6903
epoch [2/120] Global -- IoU: train = 0.8319, val = 0.6918
train: [0.02988926 0.80277645 0.92144283 0.74728043 0.91813943 0.83533527
 0.82121518]
val:[0.00119657 0.75859568 0.85023105 0.37647281 0.77537698 0.75952925
 0.65605704]
Local train:[0.03234845 0.84276437 0.92842964 0.75221804 0.9249171  0.83639932
 0.87213259]
Local val:[0.00209092 0.75517025 0.84983949 0.35632305 0.76743068 0.75768391
 0.6554426 ]
Global train:[0.56421219 0.78454081 0.93779782 0.73074536 0.91558509 0.8066125
 0.81612658]
Global val:[0.01375041 0.7558685  0.87095373 0.36301768 0.7735432  0.73551451
 0.65207964]
================================
epoch [3/120] IoU: train = 0.8640, val = 0.6900
epoch [3/120] Local  -- IoU: train = 0.8634, val = 0.6888
epoch [3/120] Global -- IoU: train = 0.8576, val = 0.6905
train: [0.03801244 0.82900133 0.93067479 0.76068643 0.92618302 0.86147858
 0.87599404]
val:[0.00241127 0.7603933  0.85626894 0.34273515 0.77329323 0.74835018
 0.65876912]
Local train:[0.04069038 0.84965212 0.93371452 0.75134258 0.92552537 0.85164898
 0.86831897]
Local val:[0.00222123 0.754547   0.85640952 0.35523766 0.76500704 0.75659039
 0.64474931]
Global train:[0.49444622 0.829301   0.94312632 0.74647289 0.92452232 0.8238917
 0.8783362 ]
Global val:[0.17499402 0.75473705 0.86937499 0.33031981 0.77667343 0.73631012
 0.67579974]
================================
epoch [4/120] IoU: train = 0.8756, val = 0.7028
epoch [4/120] Local  -- IoU: train = 0.8693, val = 0.6952
epoch [4/120] Global -- IoU: train = 0.8677, val = 0.6978
train: [0.09618179 0.85597105 0.94696107 0.76739455 0.92536237 0.87170804
 0.88633553]
val:[0.0085959  0.76131528 0.86999213 0.37390462 0.77678053 0.76350785
 0.67151518]
Local train:[0.09611354 0.84752951 0.94442804 0.75809585 0.92841388 0.85903738
 0.87820998]
Local val:[0.00892718 0.7555219  0.86799985 0.36009062 0.76700018 0.75795291
 0.66282156]
Global train:[0.77657736 0.84849525 0.94969404 0.75669303 0.92626169 0.84136586
 0.88378269]
Global val:[0.14807864 0.75740918 0.87220101 0.36327364 0.77876016 0.74253897
 0.67277207]
================================
epoch [5/120] IoU: train = 0.8793, val = 0.6970
epoch [5/120] Local  -- IoU: train = 0.8716, val = 0.6927
epoch [5/120] Global -- IoU: train = 0.8710, val = 0.6959
train: [0.7065526  0.85779064 0.95287041 0.76450055 0.93046271 0.87579067
 0.8941691 ]
val:[0.0634792  0.75969489 0.87223431 0.35597777 0.77837639 0.74005777
 0.67574709]
Local train:[0.69401494 0.85052589 0.94986216 0.75736874 0.93063773 0.85892902
 0.88233395]
Local val:[0.05743948 0.7555219  0.8714997  0.36123148 0.76720459 0.73816512
 0.66282156]
Global train:[0.76785635 0.85088157 0.95046463 0.7578992  0.92875927 0.84979847
 0.8879691 ]
Global val:[0.17761588 0.75545204 0.8715197  0.35465564 0.77591974 0.74174343
 0.67631461]
================================
epoch [6/120] IoU: train = 0.8837, val = 0.7007
epoch [6/120] Local  -- IoU: train = 0.8712, val = 0.6944
epoch [6/120] Global -- IoU: train = 0.8741, val = 0.6974
train: [0.65597466 0.86086316 0.9535141  0.78184418 0.93501829 0.87679319
 0.89403159]
val:[0.09064038 0.76413643 0.87045855 0.3665057  0.77628938 0.75369159
 0.672886  ]
Local train:[0.66063633 0.84882143 0.9498504  0.75844497 0.93024727 0.8600749
 0.87994681]
Local val:[0.08631373 0.7555219  0.87149992 0.36121469 0.76720459 0.74806645
 0.66281515]
Global train:[0.75603487 0.85274378 0.95090044 0.76882233 0.93211918 0.85277439
 0.8874324 ]
Global val:[0.14734777 0.76036716 0.87020207 0.356453   0.77815422 0.74588028
 0.67318794]
================================
epoch [7/120] IoU: train = 0.8836, val = 0.7022
epoch [7/120] Local  -- IoU: train = 0.8726, val = 0.6960
epoch [7/120] Global -- IoU: train = 0.8745, val = 0.6969
train: [0.80904233 0.85944374 0.9549582  0.77736811 0.9350641  0.87907152
 0.89551331]
val:[0.2710319  0.76023155 0.87312076 0.36685514 0.77488787 0.76249225
 0.67546438]
Local train:[0.79377029 0.85247599 0.95043    0.75955349 0.93153434 0.86032188
 0.88135753]
Local val:[0.21300327 0.7555219  0.8714997  0.36123148 0.76720459 0.75795291
 0.66282156]
Global train:[0.7813798  0.85369672 0.95252029 0.76658984 0.93279585 0.8516774
 0.88969355]
Global val:[0.23430464 0.75550787 0.87201269 0.36224645 0.77477626 0.74355488
 0.67312632]
================================
epoch [8/120] IoU: train = 0.8832, val = 0.6957
epoch [8/120] Local  -- IoU: train = 0.8731, val = 0.6960
epoch [8/120] Global -- IoU: train = 0.8744, val = 0.6933
train: [0.7944401  0.86432433 0.95366948 0.77906811 0.9326888  0.87475749
 0.89470727]
val:[0.13635355 0.76109061 0.8722176  0.36321053 0.76967735 0.73713016
 0.6709914 ]
Local train:[0.80445024 0.85241534 0.95030731 0.75922604 0.93185238 0.86213695
 0.88288433]
Local val:[0.21300327 0.7555219  0.8714997  0.36123148 0.76720459 0.75795291
 0.66282156]
Global train:[0.73933508 0.85637136 0.9512474  0.76546488 0.93124574 0.85116673
 0.89061672]
Global val:[0.00164204 0.75819957 0.87135178 0.36320023 0.76796953 0.7279596
 0.67087302]
================================
epoch [9/120] IoU: train = 0.8840, val = 0.6955
epoch [9/120] Local  -- IoU: train = 0.8720, val = 0.6960
epoch [9/120] Global -- IoU: train = 0.8737, val = 0.6888
train: [0.66457291 0.86463389 0.95407991 0.77995148 0.9341278  0.87376538
 0.8975361 ]
val:[0.07365089 0.75751337 0.87198704 0.34564983 0.771765   0.76145998
 0.66459199]
Local train:[0.80767625 0.85179927 0.95007979 0.75948009 0.93057451 0.85888438
 0.8810869 ]
Local val:[0.21300327 0.7555219  0.8714997  0.36123148 0.76720459 0.75795291
 0.66282156]
Global train:[0.57124063 0.85732569 0.95124974 0.76723319 0.93002523 0.84691846
 0.88943571]
Global val:[0.         0.75417385 0.87122461 0.34323206 0.77055244 0.7323079
 0.6610147 ]
================================
epoch [10/120] IoU: train = 0.8764, val = 0.7006
epoch [10/120] Local  -- IoU: train = 0.8725, val = 0.6960
epoch [10/120] Global -- IoU: train = 0.8650, val = 0.6974
train: [0.78388805 0.85132992 0.95292062 0.76001289 0.92633044 0.87381134
 0.89414494]
val:[0.2070615  0.76177405 0.86940792 0.38653734 0.78063102 0.7317786
 0.67371819]
Local train:[0.80246465 0.84901403 0.9505834  0.76104071 0.93139452 0.86045253
 0.88250996]
Local val:[0.21300327 0.7555219  0.8714997  0.36123148 0.76720459 0.75795291
 0.66282156]
Global train:[0.74085315 0.84069811 0.94966816 0.74363656 0.92109811 0.84809185
 0.88709066]
Global val:[0.15422034 0.75887634 0.8681518  0.38217474 0.77980642 0.72436061
 0.67119204]
================================
epoch [11/120] IoU: train = 0.8858, val = 0.7033
epoch [11/120] Local  -- IoU: train = 0.8728, val = 0.6960
epoch [11/120] Global -- IoU: train = 0.8769, val = 0.6994
train: [0.81105591 0.86307043 0.95547202 0.78624673 0.94061292 0.87503597
 0.89427511]
val:[0.23875563 0.76059566 0.87382667 0.37514064 0.77842507 0.76101709
 0.67059411]
Local train:[0.79518375 0.85241845 0.95061651 0.7594061  0.93161827 0.85880726
 0.8840494 ]
Local val:[0.21300327 0.7555219  0.8714997  0.36123148 0.76720459 0.75795291
 0.66282156]
Global train:[0.78703678 0.85672566 0.95290689 0.77293791 0.93673836 0.85300712
 0.88916151]
Global val:[0.2011026  0.75829225 0.87300032 0.37031011 0.77808953 0.74346228
 0.67294653]
================================
epoch [12/120] IoU: train = 0.8848, val = 0.6956
epoch [12/120] Local  -- IoU: train = 0.8727, val = 0.6960
epoch [12/120] Global -- IoU: train = 0.8751, val = 0.6872
train: [0.81217736 0.86304619 0.95436108 0.78141228 0.93536099 0.87762989
 0.8967246 ]
val:[0.19946525 0.7558957  0.87299592 0.35134084 0.77446354 0.76367866
 0.65534158]
Local train:[0.79394825 0.85281689 0.95034046 0.75811736 0.93078464 0.86033875
 0.88359475]
Local val:[0.21300327 0.7555219  0.8714997  0.36123148 0.76720459 0.75795291
 0.66282156]
Global train:[0.78732793 0.85363035 0.95214751 0.77053227 0.9331864  0.85283885
 0.88837867]
Global val:[0.15206892 0.7525585  0.87095967 0.3326649  0.76954588 0.7447759
 0.65286887]
================================
epoch [13/120] IoU: train = 0.8785, val = 0.6945
epoch [13/120] Local  -- IoU: train = 0.8727, val = 0.6960
epoch [13/120] Global -- IoU: train = 0.8597, val = 0.6480
train: [0.78496459 0.84869094 0.95123235 0.77865617 0.93493804 0.87057537
 0.88691093]
val:[0.27759771 0.72998588 0.85547669 0.38663147 0.77406022 0.76377443
 0.65710446]
Local train:[0.80255164 0.85230964 0.95072941 0.75957824 0.93115523 0.85865076
 0.88405168]
Local val:[0.21300327 0.7555219  0.8714997  0.36123148 0.76720459 0.75795291
 0.66282156]
Global train:[0.75181581 0.8090233  0.93995634 0.75988864 0.93023464 0.8440281
 0.87507839]
Global val:[0.26473394 0.6121199  0.79249267 0.35622152 0.77101962 0.73931111
 0.61660617]
================================
epoch [14/120] IoU: train = 0.8789, val = 0.6988
epoch [14/120] Local  -- IoU: train = 0.8727, val = 0.6960
epoch [14/120] Global -- IoU: train = 0.8595, val = 0.6972
train: [0.82658649 0.85789352 0.95239902 0.78019779 0.92936677 0.8685877
 0.88470665]
val:[0.19915512 0.75968489 0.87291389 0.36318868 0.77313215 0.75617615
 0.66743185]
Local train:[0.80829269 0.85176185 0.9501894  0.76044916 0.93072614 0.85983283
 0.88344559]
Local val:[0.21300327 0.7555219  0.8714997  0.36123148 0.76720459 0.75795291
 0.66282156]
Global train:[0.79215872 0.82725051 0.94316046 0.7519647  0.9181475  0.8455868
 0.87064957]
Global val:[0.16413535 0.75816567 0.87299688 0.36489842 0.77673805 0.74414529
 0.66632154]
================================
epoch [15/120] IoU: train = 0.8874, val = 0.7069
epoch [15/120] Local  -- IoU: train = 0.8720, val = 0.6960
epoch [15/120] Global -- IoU: train = 0.8793, val = 0.7016
train: [0.76719066 0.86552109 0.95544165 0.78618714 0.93953855 0.88047955
 0.89738837]
val:[0.28145646 0.76165873 0.87058023 0.39264802 0.77896787 0.76068182
 0.67658899]
Local train:[0.79310275 0.85119308 0.95021088 0.75939346 0.93025753 0.85946412
 0.88130966]
Local val:[0.21300327 0.7555219  0.8714997  0.36123148 0.76720459 0.75795291
 0.66282156]
Global train:[0.71650616 0.85882911 0.95343517 0.77551951 0.93647087 0.8587205
 0.89294137]
Global val:[0.29224793 0.75789781 0.87192058 0.38060419 0.77954341 0.74564799
 0.67427592]
================================
epoch [16/120] IoU: train = 0.8855, val = 0.7004
epoch [16/120] Local  -- IoU: train = 0.8724, val = 0.6960
epoch [16/120] Global -- IoU: train = 0.8771, val = 0.6915
train: [0.75718922 0.86441068 0.95436641 0.7839055  0.93470729 0.87935051
 0.89631957]
val:[0.27612436 0.7599992  0.87197448 0.37560962 0.7697325  0.7512349
 0.67388463]
Local train:[0.80354913 0.85179012 0.95035954 0.75969141 0.93051532 0.86091199
 0.88125616]
Local val:[0.21300327 0.7555219  0.8714997  0.36123148 0.76720459 0.75795291
 0.66282156]
Global train:[0.69997771 0.86006418 0.95222259 0.77480177 0.93012685 0.85651551
 0.8889536 ]
Global val:[0.25894473 0.75502645 0.86858203 0.37074432 0.74586646 0.73452192
 0.67430363]
================================
epoch [17/120] IoU: train = 0.8851, val = 0.7055
epoch [17/120] Local  -- IoU: train = 0.8729, val = 0.6960
epoch [17/120] Global -- IoU: train = 0.8738, val = 0.6996
train: [0.804583   0.8654125  0.9546104  0.77842832 0.93573007 0.8774617
 0.89904881]
val:[0.23786615 0.76181659 0.87341857 0.38265298 0.77751257 0.76448725
 0.6733053 ]
Local train:[0.81673182 0.85067982 0.95098673 0.75963232 0.93174231 0.86087966
 0.88327791]
Local val:[0.21300327 0.7555219  0.8714997  0.36123148 0.76720459 0.75795291
 0.66282156]
Global train:[0.77985009 0.85770702 0.95190233 0.76416915 0.93014955 0.85124907
 0.88771801]
Global val:[0.18753248 0.75746619 0.87278867 0.37016071 0.77708273 0.74928992
 0.67067419]
================================
epoch [18/120] IoU: train = 0.8842, val = 0.7018
epoch [18/120] Local  -- IoU: train = 0.8730, val = 0.6960
epoch [18/120] Global -- IoU: train = 0.8753, val = 0.6978
train: [0.82619359 0.86041242 0.95465242 0.78320423 0.94027442 0.87474415
 0.8920509 ]
val:[0.24125714 0.76142944 0.87183808 0.38755616 0.75641597 0.76446824
 0.66924736]
Local train:[0.80650628 0.85235315 0.95057184 0.76134334 0.93120401 0.85964943
 0.88267059]
Local val:[0.21300327 0.7555219  0.8714997  0.36123148 0.76720459 0.75795291
 0.66282156]
Global train:[0.81149826 0.85428596 0.9529637  0.77396405 0.93620382 0.85220325
 0.88234007]
Global val:[0.23530614 0.75864082 0.87148106 0.37819704 0.75838447 0.74933473
 0.67047513]
================================
epoch [19/120] IoU: train = 0.8857, val = 0.7052
epoch [19/120] Local  -- IoU: train = 0.8732, val = 0.6960
epoch [19/120] Global -- IoU: train = 0.8744, val = 0.7000
train: [0.60973962 0.86213402 0.95477742 0.78339503 0.93582185 0.88085448
 0.89712463]
val:[0.03042102 0.76433018 0.87242097 0.37491029 0.77587826 0.76669935
 0.67690815]
Local train:[0.80716745 0.85296186 0.95063856 0.75974156 0.93140672 0.8621158
 0.88230722]
Local val:[0.21300327 0.7555219  0.8714997  0.36123148 0.76720459 0.75795291
 0.66282156]
Global train:[0.47304552 0.85640429 0.95235892 0.76776161 0.93132436 0.84982052
 0.88853044]
Global val:[0.         0.76016503 0.87086397 0.36581289 0.77916983 0.75042753
 0.67341096]
================================
epoch [20/120] IoU: train = 0.8875, val = 0.7043
epoch [20/120] Local  -- IoU: train = 0.8720, val = 0.6960
epoch [20/120] Global -- IoU: train = 0.8748, val = 0.6988
train: [0.68728379 0.86691207 0.95495956 0.78420322 0.93824388 0.88089508
 0.89984628]
val:[0.18926481 0.76305197 0.87336814 0.37208781 0.77544918 0.76372067
 0.67833415]
Local train:[0.8097729  0.85159019 0.94975625 0.75805001 0.93138293 0.86005915
 0.88136048]
Local val:[0.21300327 0.7555219  0.8714997  0.36123148 0.76720459 0.75795291
 0.66282156]
Global train:[0.66520214 0.85930001 0.95122538 0.76831801 0.9281274  0.85491509
 0.88719226]
Global val:[0.15490626 0.75212385 0.8717021  0.3684351  0.77368507 0.74922809
 0.67752503]
================================
epoch [21/120] IoU: train = 0.8661, val = 0.6790
epoch [21/120] Local  -- IoU: train = 0.8728, val = 0.6960
epoch [21/120] Global -- IoU: train = 0.8007, val = 0.6194
train: [0.8054818  0.82605248 0.95122016 0.77529383 0.92418811 0.86683002
 0.85299563]
val:[0.20822983 0.75434858 0.8645027  0.31967743 0.72614973 0.75956365
 0.64960659]
Local train:[0.80758082 0.85177828 0.95040302 0.7584974  0.93035986 0.86141411
 0.88412331]
Local val:[0.21300327 0.7555219  0.8714997  0.36123148 0.76720459 0.75795291
 0.66282156]
Global train:[0.513192   0.76827162 0.9281658  0.6985399  0.89530619 0.74440313
 0.76942758]
Global val:[0.23707071 0.71237965 0.84669852 0.18056184 0.71655045 0.66595216
 0.59428619]
================================
epoch [22/120] IoU: train = 0.8801, val = 0.6995
epoch [22/120] Local  -- IoU: train = 0.8736, val = 0.6960
epoch [22/120] Global -- IoU: train = 0.8468, val = 0.6998
train: [0.81779158 0.85545006 0.95359961 0.77163692 0.9354039  0.87426229
 0.89004781]
val:[0.21570409 0.76139898 0.87291831 0.35990568 0.77431732 0.75927472
 0.66922789]
Local train:[0.81429968 0.85257149 0.95102348 0.76240069 0.93187078 0.8601377
 0.88338902]
Local val:[0.21300327 0.7555219  0.8714997  0.36123148 0.76720459 0.75795291
 0.66282156]
Global train:[0.77382522 0.81989482 0.94411695 0.73778028 0.91048214 0.81529256
 0.85295405]
Global val:[0.1658597  0.76015441 0.87294984 0.36973929 0.77617637 0.74999887
 0.67002869]
================================
epoch [23/120] IoU: train = 0.8890, val = 0.7028
epoch [23/120] Local  -- IoU: train = 0.8730, val = 0.6960
epoch [23/120] Global -- IoU: train = 0.8809, val = 0.7000
train: [0.81351146 0.86655742 0.95565934 0.79021755 0.94164804 0.88065829
 0.8994495 ]
val:[0.24349021 0.7646084  0.87303556 0.36392743 0.77687625 0.7615457
 0.67657736]
Local train:[0.79881581 0.85283225 0.95039426 0.75876719 0.93242972 0.86021816
 0.88307476]
Local val:[0.21300327 0.7555219  0.8714997  0.36123148 0.76720459 0.75795291
 0.66282156]
Global train:[0.77096292 0.86045135 0.95409762 0.77999883 0.93840978 0.85968989
 0.8925343 ]
Global val:[0.22988361 0.76145942 0.87336251 0.36582194 0.77825389 0.74567682
 0.67550386]
================================
epoch [24/120] IoU: train = 0.8874, val = 0.7059
epoch [24/120] Local  -- IoU: train = 0.8727, val = 0.6960
epoch [24/120] Global -- IoU: train = 0.8824, val = 0.7023
train: [0.80902338 0.86122175 0.95531383 0.7851211  0.94037012 0.87979734
 0.90249108]
val:[0.22217484 0.76325139 0.87324167 0.38152203 0.77643517 0.76443036
 0.67656959]
Local train:[0.79368488 0.85239497 0.95072457 0.75994297 0.93184391 0.85831743
 0.88295574]
Local val:[0.21300327 0.7555219  0.8714997  0.36123148 0.76720459 0.75795291
 0.66282156]
Global train:[0.76965766 0.86294246 0.95465112 0.78130081 0.93840692 0.86114328
 0.89583404]
Global val:[0.21318147 0.75848916 0.87296585 0.3787675  0.77714357 0.75030611
 0.6758474 ]
================================
epoch [25/120] IoU: train = 0.8904, val = 0.7048
epoch [25/120] Local  -- IoU: train = 0.8728, val = 0.6960
epoch [25/120] Global -- IoU: train = 0.8831, val = 0.7010
train: [0.80520178 0.86917326 0.95638802 0.79099874 0.94178253 0.88161771
 0.90238596]
val:[0.2325811  0.76275806 0.87362196 0.37390795 0.77762392 0.76574218
 0.67484961]
Local train:[0.80657701 0.8519597  0.95019584 0.75984158 0.93155849 0.85921678
 0.88388203]
Local val:[0.21300327 0.7555219  0.8714997  0.36123148 0.76720459 0.75795291
 0.66282156]
Global train:[0.74292125 0.86384053 0.9544437  0.78096743 0.93910965 0.86375324
 0.89644998]
Global val:[0.24194721 0.7608634  0.87314912 0.36710545 0.77830794 0.75174446
 0.67470061]
================================
epoch [26/120] IoU: train = 0.8906, val = 0.7037
epoch [26/120] Local  -- IoU: train = 0.8729, val = 0.6960
epoch [26/120] Global -- IoU: train = 0.8834, val = 0.7019
train: [0.79800966 0.870268   0.95719973 0.7909397  0.94110945 0.88131328
 0.90252871]
val:[0.21899731 0.76414789 0.87309064 0.37072697 0.77359222 0.7641579
 0.67621759]
Local train:[0.81207933 0.85125645 0.95057747 0.76025194 0.9308547  0.86080295
 0.88345895]
Local val:[0.21300327 0.7555219  0.8714997  0.36123148 0.76720459 0.75795291
 0.66282156]
Global train:[0.76192769 0.86391673 0.95524298 0.78183979 0.9391942  0.86364283
 0.89632298]
Global val:[0.18508838 0.76052152 0.87293331 0.3755349  0.77622926 0.75182764
 0.67461994]
================================
epoch [27/120] IoU: train = 0.8897, val = 0.7002
epoch [27/120] Local  -- IoU: train = 0.8728, val = 0.6960
epoch [27/120] Global -- IoU: train = 0.8823, val = 0.6990
train: [0.82795889 0.87062789 0.95653013 0.78854027 0.94221169 0.88022122
 0.90008884]
val:[0.2074515  0.76067721 0.87227622 0.35259528 0.77797427 0.76065152
 0.6768008 ]
Local train:[0.81157661 0.85178313 0.95035163 0.75962616 0.93229518 0.86038381
 0.8822071 ]
Local val:[0.21300327 0.7555219  0.8714997  0.36123148 0.76720459 0.75795291
 0.66282156]
Global train:[0.80076534 0.86333493 0.95472667 0.77956314 0.939948   0.86150513
 0.89481377]
Global val:[0.18214426 0.75637152 0.87233504 0.3617919  0.77931208 0.7480533
 0.67632971]
================================
epoch [28/120] IoU: train = 0.8879, val = 0.7026
epoch [28/120] Local  -- IoU: train = 0.8721, val = 0.6960
epoch [28/120] Global -- IoU: train = 0.8799, val = 0.6998
train: [0.71235721 0.86487501 0.95527648 0.78944002 0.94060874 0.87982673
 0.89763339]
val:[0.22831323 0.76546128 0.87371252 0.36986077 0.77789317 0.75298733
 0.67571355]
Local train:[0.80883579 0.85190165 0.94975974 0.75725295 0.93110502 0.86085144
 0.88184992]
Local val:[0.21300327 0.7555219  0.8714997  0.36123148 0.76720459 0.75795291
 0.66282156]
Global train:[0.70149646 0.86008308 0.95308395 0.779577   0.9373021  0.85792716
 0.89158865]
Global val:[0.21733337 0.76198591 0.8730656  0.37335447 0.77651422 0.74108612
 0.67279218]
================================
epoch [29/120] IoU: train = 0.8890, val = 0.7029
epoch [29/120] Local  -- IoU: train = 0.8720, val = 0.6960
epoch [29/120] Global -- IoU: train = 0.8811, val = 0.6986
train: [0.82386079 0.86977764 0.9559145  0.78918498 0.94012013 0.87984793
 0.89889305]
val:[0.21419745 0.76223406 0.87272089 0.36541163 0.77677808 0.76495535
 0.67535855]
Local train:[0.80159107 0.85184298 0.95020425 0.75995651 0.93105497 0.85826033
 0.88078646]
Local val:[0.21300327 0.7555219  0.8714997  0.36123148 0.76720459 0.75795291
 0.66282156]
Global train:[0.81144397 0.86434895 0.95335392 0.77874331 0.9364536  0.86146491
 0.89194882]
Global val:[0.17040576 0.75969119 0.87198849 0.35691649 0.77748111 0.75267178
 0.67299379]
================================
epoch [30/120] IoU: train = 0.8878, val = 0.7029
epoch [30/120] Local  -- IoU: train = 0.8727, val = 0.6960
epoch [30/120] Global -- IoU: train = 0.8812, val = 0.7012
train: [0.80626627 0.86646663 0.95553378 0.78574167 0.93909036 0.87960181
 0.90066437]
val:[0.24308377 0.76506292 0.87297684 0.37783701 0.77177327 0.75440934
 0.67512338]
Local train:[0.80958806 0.85315104 0.95036752 0.75803062 0.93100449 0.86083397
 0.88304904]
Local val:[0.21300327 0.7555219  0.8714997  0.36123148 0.76720459 0.75795291
 0.66282156]
Global train:[0.78379427 0.86131688 0.95349544 0.77751209 0.93748318 0.86295561
 0.89459414]
Global val:[0.23056492 0.76307012 0.87302477 0.37299558 0.77690817 0.74762487
 0.67332058]
================================
epoch [31/120] IoU: train = 0.8898, val = 0.7039
epoch [31/120] Local  -- IoU: train = 0.8730, val = 0.6960
epoch [31/120] Global -- IoU: train = 0.8787, val = 0.6996
train: [0.80923304 0.86669661 0.95643113 0.79020793 0.94071761 0.8839052
 0.90056386]
val:[0.2156868  0.75873365 0.87277852 0.37161657 0.77543883 0.76543667
 0.67934937]
Local train:[0.80808759 0.85127429 0.95075818 0.76148563 0.93146165 0.8611184
 0.88183747]
Local val:[0.21300327 0.7555219  0.8714997  0.36123148 0.76720459 0.75795291
 0.66282156]
Global train:[0.79256764 0.85650953 0.95332279 0.77075196 0.93687422 0.86319674
 0.89148401]
Global val:[0.1769833  0.75339244 0.87252304 0.36878304 0.77367877 0.750022
 0.67903603]
================================
epoch [32/120] IoU: train = 0.8880, val = 0.7036
epoch [32/120] Local  -- IoU: train = 0.8731, val = 0.6960
epoch [32/120] Global -- IoU: train = 0.8796, val = 0.6958
train: [0.81102731 0.86462752 0.9560329  0.78993772 0.9409767  0.87934181
 0.89725586]
val:[0.18952453 0.76011548 0.8736673  0.37943725 0.77719863 0.75619582
 0.6748501 ]
Local train:[0.80890021 0.85146372 0.95038831 0.7603028  0.93121055 0.86050117
 0.88450979]
Local val:[0.21300327 0.7555219  0.8714997  0.36123148 0.76720459 0.75795291
 0.66282156]
Global train:[0.72820697 0.86270732 0.95320723 0.776546   0.93450871 0.85584194
 0.89494912]
Global val:[0.06387595 0.75448808 0.87308756 0.36943092 0.77206246 0.73421739
 0.67159607]
================================
epoch [33/120] IoU: train = 0.8889, val = 0.7053
epoch [33/120] Local  -- IoU: train = 0.8732, val = 0.6960
epoch [33/120] Global -- IoU: train = 0.8750, val = 0.6963
train: [0.78896188 0.86721039 0.95613661 0.78898649 0.93994226 0.87777721
 0.90360674]
val:[0.234103   0.76023425 0.87233929 0.38040338 0.77486125 0.76704293
 0.67699376]
Local train:[0.8069269  0.85227147 0.95013293 0.76100928 0.93164501 0.86062229
 0.88375553]
Local val:[0.21300327 0.7555219  0.8714997  0.36123148 0.76720459 0.75795291
 0.66282156]
Global train:[0.71454023 0.85487148 0.95293854 0.76462577 0.93395075 0.84955927
 0.89378499]
Global val:[0.2619136  0.75612207 0.87183693 0.35461222 0.77477977 0.75005761
 0.67069035]
================================
epoch [34/120] IoU: train = 0.8879, val = 0.6947
epoch [34/120] Local  -- IoU: train = 0.8729, val = 0.6960
epoch [34/120] Global -- IoU: train = 0.8742, val = 0.6761
train: [0.80608355 0.86491754 0.95548499 0.78834553 0.93945035 0.87839744
 0.90064237]
val:[0.26016332 0.72350079 0.86642284 0.36881166 0.76905238 0.76381664
 0.6766914 ]
Local train:[0.79625941 0.85189062 0.9505494  0.75947628 0.93135765 0.86029275
 0.88353648]
Local val:[0.21300327 0.7555219  0.8714997  0.36123148 0.76720459 0.75795291
 0.66282156]
Global train:[0.78363875 0.84488888 0.95079832 0.77392145 0.93349038 0.85029426
 0.89163951]
Global val:[0.11281622 0.64561349 0.85370614 0.37677549 0.76995787 0.73444678
 0.67638225]
================================
epoch [35/120] IoU: train = 0.8891, val = 0.7009
epoch [35/120] Local  -- IoU: train = 0.8731, val = 0.6960
epoch [35/120] Global -- IoU: train = 0.8672, val = 0.6954
train: [0.79430706 0.86543017 0.95599723 0.79048412 0.93890244 0.88290727
 0.90112226]
val:[0.18524529 0.76467515 0.87365504 0.35716793 0.77764726 0.76015768
 0.67182569]
Local train:[0.80205418 0.85240566 0.95076881 0.75978331 0.93173463 0.86093108
 0.88278047]
Local val:[0.21300327 0.7555219  0.8714997  0.36123148 0.76720459 0.75795291
 0.66282156]
Global train:[0.80041607 0.83963271 0.94800863 0.76875907 0.92885378 0.8590454
 0.85904279]
Global val:[0.09576617 0.7612819  0.872974   0.34349636 0.7760083  0.7499223
 0.66874604]
================================
epoch [36/120] IoU: train = 0.8906, val = 0.7067
epoch [36/120] Local  -- IoU: train = 0.8740, val = 0.6960
epoch [36/120] Global -- IoU: train = 0.8826, val = 0.7044
train: [0.78910346 0.8659807  0.95647575 0.79349386 0.9408887  0.88337997
 0.90334769]
val:[0.16260265 0.76261626 0.87374362 0.38084986 0.78037265 0.76537135
 0.67697483]
Local train:[0.81337629 0.85201376 0.95075757 0.76343914 0.93136075 0.86296619
 0.88347868]
Local val:[0.21300327 0.7555219  0.8714997  0.36123148 0.76720459 0.75795291
 0.66282156]
Global train:[0.7504849  0.86279109 0.9545236  0.78168736 0.93564279 0.86458411
 0.89639458]
Global val:[0.00328409 0.75497758 0.87241141 0.39171158 0.7799399  0.75216031
 0.67520085]
================================
epoch [37/120] IoU: train = 0.8895, val = 0.7020
epoch [37/120] Local  -- IoU: train = 0.8728, val = 0.6960
epoch [37/120] Global -- IoU: train = 0.8726, val = 0.6956
train: [0.71784089 0.86592665 0.95640112 0.79356653 0.94018183 0.88363273
 0.89753822]
val:[0.21442132 0.75983084 0.87371015 0.37839478 0.77176649 0.76404275
 0.66404163]
Local train:[0.79535315 0.84970187 0.95020879 0.76245937 0.93244789 0.8610191
 0.88072025]
Local val:[0.21300327 0.7555219  0.8714997  0.36123148 0.76720459 0.75795291
 0.66282156]
Global train:[0.68831312 0.84980761 0.95130653 0.75942219 0.93326398 0.85330898
 0.88828092]
Global val:[0.13113226 0.75845408 0.87234152 0.35721442 0.76788585 0.74981945
 0.66815261]
================================
epoch [38/120] IoU: train = 0.8894, val = 0.7034
epoch [38/120] Local  -- IoU: train = 0.8724, val = 0.6960
epoch [38/120] Global -- IoU: train = 0.8789, val = 0.6985
train: [0.79019209 0.86497034 0.9564115  0.79446642 0.94204189 0.87830275
 0.90017878]
val:[0.24985095 0.76169524 0.87335549 0.36577564 0.77753462 0.76755611
 0.67435065]
Local train:[0.80228376 0.85060387 0.95017404 0.76062349 0.93114575 0.86012198
 0.88189241]
Local val:[0.21300327 0.7555219  0.8714997  0.36123148 0.76720459 0.75795291
 0.66282156]
Global train:[0.7221668  0.86043971 0.95376313 0.77735662 0.93237002 0.8567728
 0.89262189]
Global val:[0.17240645 0.75219709 0.87219069 0.36411482 0.7772816  0.74982946
 0.67541124]
================================
epoch [39/120] IoU: train = 0.8906, val = 0.7063
epoch [39/120] Local  -- IoU: train = 0.8725, val = 0.6960
epoch [39/120] Global -- IoU: train = 0.8817, val = 0.7035
train: [0.82823753 0.86554348 0.95711663 0.79311215 0.94300403 0.88227857
 0.90271481]
val:[0.25250541 0.75890699 0.87307329 0.38440403 0.77599512 0.76832955
 0.67730495]
Local train:[0.81432444 0.85277678 0.95019207 0.75856346 0.93163854 0.85943619
 0.88255991]
Local val:[0.21300327 0.7555219  0.8714997  0.36123148 0.76720459 0.75795291
 0.66282156]
Global train:[0.77651191 0.85714901 0.95455067 0.78006649 0.93976077 0.86286087
 0.89566867]
Global val:[0.21802727 0.75438056 0.87257715 0.3831613  0.7782604  0.7559281
 0.67689472]
================================
epoch [40/120] IoU: train = 0.8912, val = 0.6993
epoch [40/120] Local  -- IoU: train = 0.8731, val = 0.6960
epoch [40/120] Global -- IoU: train = 0.8827, val = 0.6988
train: [0.81715745 0.86858627 0.95757547 0.7958238  0.94098444 0.88290365
 0.90140191]
val:[0.2231218  0.757861   0.87254011 0.3517233  0.77638126 0.76104919
 0.67608626]
Local train:[0.81532975 0.85167077 0.95067356 0.7624931  0.93157421 0.86044317
 0.8819817 ]
Local val:[0.21300327 0.7555219  0.8714997  0.36123148 0.76720459 0.75795291
 0.66282156]
Global train:[0.79295999 0.86151296 0.95512327 0.78587307 0.93892163 0.86125277
 0.89363952]
Global val:[0.20720635 0.75869719 0.87281053 0.35991811 0.77710002 0.74767432
 0.67649356]
================================
epoch [41/120] IoU: train = 0.8892, val = 0.7057
epoch [41/120] Local  -- IoU: train = 0.8722, val = 0.6960
epoch [41/120] Global -- IoU: train = 0.8808, val = 0.6996
train: [0.83044375 0.86388254 0.95720113 0.79082264 0.9414816  0.88188643
 0.89974644]
val:[0.2396141  0.75899615 0.87354641 0.38052837 0.77834642 0.76455867
 0.67813639]
Local train:[0.80760557 0.85006029 0.95024099 0.7600334  0.93152202 0.8576603
 0.88343602]
Local val:[0.21300327 0.7555219  0.8714997  0.36123148 0.76720459 0.75795291
 0.66282156]
Global train:[0.80036367 0.85932657 0.95461095 0.78028757 0.93634298 0.86281673
 0.89148563]
Global val:[0.18336581 0.75341292 0.87235133 0.3604587  0.77882678 0.75321444
 0.67913529]
================================
epoch [42/120] IoU: train = 0.8899, val = 0.7043
epoch [42/120] Local  -- IoU: train = 0.8733, val = 0.6960
epoch [42/120] Global -- IoU: train = 0.8704, val = 0.6701
train: [0.80573424 0.86554384 0.95669354 0.7916001  0.94244008 0.88102546
 0.90224407]
val:[0.24675371 0.75643396 0.87283998 0.38047855 0.77581296 0.76515244
 0.67529582]
Local train:[0.8046973  0.8515651  0.95054719 0.76066879 0.93147518 0.86217146
 0.8835996 ]
Local val:[0.21300327 0.7555219  0.8714997  0.36123148 0.76720459 0.75795291
 0.66282156]
Global train:[0.70304831 0.84604961 0.9493407  0.7582983  0.92605565 0.85403202
 0.8886153 ]
Global val:[0.221842   0.69145307 0.86338706 0.28217535 0.76985946 0.74575749
 0.6680992 ]
================================
epoch [43/120] IoU: train = 0.8911, val = 0.7021
epoch [43/120] Local  -- IoU: train = 0.8729, val = 0.6960
epoch [43/120] Global -- IoU: train = 0.8758, val = 0.6969
train: [0.80506558 0.86789761 0.95671189 0.79315858 0.94268104 0.88337631
 0.90278373]
val:[0.18623624 0.76255354 0.87314836 0.36113901 0.77642129 0.76442611
 0.67505182]
Local train:[0.81159959 0.85323242 0.95018839 0.75986574 0.93109976 0.85940614
 0.88342543]
Local val:[0.21300327 0.7555219  0.8714997  0.36123148 0.76720459 0.75795291
 0.66282156]
Global train:[0.77401817 0.84844939 0.95125741 0.76642743 0.93638246 0.86043158
 0.89205414]
Global val:[0.18476713 0.76042661 0.87242341 0.35044156 0.77209259 0.75097987
 0.67516048]
================================
epoch [44/120] IoU: train = 0.8908, val = 0.7022
epoch [44/120] Local  -- IoU: train = 0.8736, val = 0.6960
epoch [44/120] Global -- IoU: train = 0.8816, val = 0.6951
train: [0.81075805 0.86710744 0.95658592 0.79413536 0.94079529 0.88379111
 0.90225693]
val:[0.21944136 0.76246576 0.87304748 0.35958528 0.77788294 0.76629725
 0.67392694]
Local train:[0.81010604 0.85257738 0.9507494  0.76020314 0.93143206 0.86200776
 0.88447051]
Local val:[0.21300327 0.7555219  0.8714997  0.36123148 0.76720459 0.75795291
 0.66282156]
Global train:[0.79857378 0.85813792 0.95357655 0.78133268 0.93724127 0.86369954
 0.89569905]
Global val:[0.20002251 0.75845393 0.87165986 0.3483113  0.76723783 0.75276751
 0.67242537]
================================
epoch [45/120] IoU: train = 0.8911, val = 0.7056
epoch [45/120] Local  -- IoU: train = 0.8725, val = 0.6960
epoch [45/120] Global -- IoU: train = 0.8814, val = 0.6972
train: [0.81958615 0.86939301 0.95743722 0.79201812 0.94228049 0.8832779
 0.90231735]
val:[0.2084806  0.75687199 0.87374554 0.38505659 0.77731371 0.76605522
 0.67474727]
Local train:[0.79910283 0.85276574 0.95025975 0.76042269 0.93120978 0.85974137
 0.88081827]
Local val:[0.21300327 0.7555219  0.8714997  0.36123148 0.76720459 0.75795291
 0.66282156]
Global train:[0.80794952 0.85984764 0.95467222 0.77559096 0.93766596 0.8654904
 0.89491358]
Global val:[0.18083102 0.74504851 0.87248231 0.37439927 0.7747622  0.750931
 0.66540142]
================================
epoch [46/120] IoU: train = 0.8915, val = 0.7038
epoch [46/120] Local  -- IoU: train = 0.8736, val = 0.6960
epoch [46/120] Global -- IoU: train = 0.8819, val = 0.6969
train: [0.76044616 0.86883894 0.95752131 0.79611131 0.94223549 0.88164876
 0.90290557]
val:[0.18692789 0.75933975 0.87238457 0.37634638 0.77504216 0.76481161
 0.67487057]
Local train:[0.81204553 0.85159567 0.95066714 0.76113555 0.9327872  0.86222344
 0.88299138]
Local val:[0.21300327 0.7555219  0.8714997  0.36123148 0.76720459 0.75795291
 0.66282156]
Global train:[0.77153335 0.86090623 0.95467362 0.78154224 0.93811561 0.86296823
 0.89335056]
Global val:[0.17371756 0.75455492 0.86949324 0.3776358  0.7702824  0.74816858
 0.66114024]
================================
epoch [47/120] IoU: train = 0.8904, val = 0.7024
epoch [47/120] Local  -- IoU: train = 0.8734, val = 0.6960
epoch [47/120] Global -- IoU: train = 0.8757, val = 0.6960
train: [0.80750903 0.86515431 0.95700061 0.79438819 0.94149363 0.8818592
 0.90223175]
val:[0.20232857 0.76388166 0.87331865 0.35705179 0.77721441 0.76515437
 0.67770262]
Local train:[0.80843568 0.85183892 0.95082962 0.76158935 0.9312937  0.8607251
 0.88429593]
Local val:[0.21300327 0.7555219  0.8714997  0.36123148 0.76720459 0.75795291
 0.66282156]
Global train:[0.76787806 0.85032341 0.95324321 0.78066802 0.93566981 0.85214085
 0.88223102]
Global val:[0.08886938 0.76193682 0.87345789 0.35774782 0.77408915 0.74404339
 0.66464355]
================================
epoch [48/120] IoU: train = 0.8917, val = 0.6997
epoch [48/120] Local  -- IoU: train = 0.8726, val = 0.6960
epoch [48/120] Global -- IoU: train = 0.8822, val = 0.6974
train: [0.83340416 0.86921186 0.9572718  0.79523613 0.94071299 0.88381934
 0.90399179]
val:[0.23341919 0.74278146 0.87106292 0.37123742 0.77305262 0.76454608
 0.67542001]
Local train:[0.81879294 0.85123731 0.95031776 0.75892402 0.93049925 0.86117014
 0.88361577]
Local val:[0.21300327 0.7555219  0.8714997  0.36123148 0.76720459 0.75795291
 0.66282156]
Global train:[0.72246002 0.86302729 0.95479771 0.78131243 0.936158   0.86182804
 0.8961763 ]
Global val:[0.24774257 0.74283384 0.87151274 0.37068881 0.77300369 0.75106995
 0.67522405]
================================
epoch [49/120] IoU: train = 0.8904, val = 0.7044
epoch [49/120] Local  -- IoU: train = 0.8726, val = 0.6960
epoch [49/120] Global -- IoU: train = 0.8690, val = 0.6979
train: [0.8101704  0.86853558 0.95744758 0.7932592  0.94021089 0.88425251
 0.89840528]
val:[0.25115973 0.76254007 0.87334062 0.36906453 0.77792333 0.76583227
 0.67798597]
Local train:[0.80868116 0.85243943 0.95057539 0.75979579 0.93072944 0.85951908
 0.88257319]
Local val:[0.21300327 0.7555219  0.8714997  0.36123148 0.76720459 0.75795291
 0.66282156]
Global train:[0.74772147 0.84913744 0.95122628 0.77662142 0.92781402 0.85630061
 0.85278024]
Global val:[0.25815063 0.75768144 0.8728407  0.35440444 0.77944723 0.7466672
 0.67633918]
================================
epoch [50/120] IoU: train = 0.8914, val = 0.7070
epoch [50/120] Local  -- IoU: train = 0.8725, val = 0.6960
epoch [50/120] Global -- IoU: train = 0.8825, val = 0.7039
train: [0.82760734 0.86936587 0.95691926 0.79609159 0.94243587 0.88305605
 0.9002555 ]
val:[0.22132173 0.7648523  0.87293133 0.3818045  0.78007303 0.76492564
 0.67742149]
Local train:[0.81305568 0.85140789 0.95008582 0.76078452 0.93165526 0.85909092
 0.88212361]
Local val:[0.21300327 0.7555219  0.8714997  0.36123148 0.76720459 0.75795291
 0.66282156]
Global train:[0.80704545 0.85986253 0.95410277 0.78631822 0.93832584 0.86263545
 0.89372883]
Global val:[0.19744867 0.76105902 0.87124116 0.38324415 0.77953229 0.75391318
 0.6742902 ]
================================
epoch [51/120] IoU: train = 0.8914, val = 0.7032
epoch [51/120] Local  -- IoU: train = 0.8724, val = 0.6960
epoch [51/120] Global -- IoU: train = 0.8817, val = 0.7004
train: [0.80935791 0.8674541  0.95747234 0.79366351 0.94242501 0.88553529
 0.90208296]
val:[0.22823193 0.76487332 0.87315736 0.36696412 0.77277547 0.76717022
 0.67425196]
Local train:[0.80870384 0.85021163 0.95047512 0.75970103 0.93184138 0.85918039
 0.88323075]
Local val:[0.21300327 0.7555219  0.8714997  0.36123148 0.76720459 0.75795291
 0.66282156]
Global train:[0.78707191 0.85792649 0.95437091 0.78106834 0.93913733 0.86599233
 0.89179394]
Global val:[0.1887956  0.75366788 0.87085373 0.3754024  0.77568953 0.75364398
 0.67340542]
================================
epoch [52/120] IoU: train = 0.8915, val = 0.7017
epoch [52/120] Local  -- IoU: train = 0.8725, val = 0.6960
epoch [52/120] Global -- IoU: train = 0.8824, val = 0.7011
train: [0.81882603 0.86848683 0.95718607 0.79422434 0.94125238 0.88558626
 0.90204849]
val:[0.2340247  0.75882839 0.87235408 0.36373994 0.77312509 0.76527622
 0.67711757]
Local train:[0.80844497 0.85123339 0.95012891 0.75902831 0.93084984 0.86058328
 0.88343206]
Local val:[0.21300327 0.7555219  0.8714997  0.36123148 0.76720459 0.75795291
 0.66282156]
Global train:[0.79368211 0.86183667 0.95403041 0.7789188  0.937898   0.86539364
 0.89617134]
Global val:[0.2110807  0.756226   0.8722565  0.3749019  0.77703661 0.74757453
 0.67842548]
================================
epoch [53/120] IoU: train = 0.8892, val = 0.7073
epoch [53/120] Local  -- IoU: train = 0.8727, val = 0.6960
epoch [53/120] Global -- IoU: train = 0.8783, val = 0.6949
train: [0.81939135 0.85929493 0.95518402 0.79047657 0.94032572 0.88617785
 0.90385199]
val:[0.13694409 0.76305929 0.87007337 0.38642301 0.77931435 0.76622777
 0.67882344]
Local train:[0.80878827 0.85124387 0.95046273 0.76039807 0.93036118 0.86122576
 0.88278334]
Local val:[0.21300327 0.7555219  0.8714997  0.36123148 0.76720459 0.75795291
 0.66282156]
Global train:[0.78991379 0.85684657 0.95372572 0.77339719 0.93113295 0.85833921
 0.89663477]
Global val:[0.         0.74795662 0.87019614 0.38316778 0.7784986  0.71511546
 0.67475732]
================================
epoch [54/120] IoU: train = 0.8910, val = 0.7030
epoch [54/120] Local  -- IoU: train = 0.8726, val = 0.6960
epoch [54/120] Global -- IoU: train = 0.8590, val = 0.6986
train: [0.70262503 0.86928792 0.95724692 0.79460478 0.94050386 0.8821036
 0.90243137]
val:[0.11962403 0.7601494  0.87406735 0.37043866 0.77903521 0.76248362
 0.67155025]
Local train:[0.79831434 0.85249425 0.95058465 0.76233659 0.93121369 0.85688889
 0.88190149]
Local val:[0.21300327 0.7555219  0.8714997  0.36123148 0.76720459 0.75795291
 0.66282156]
Global train:[0.68267484 0.84010985 0.94833142 0.76607162 0.93347821 0.79060926
 0.87523889]
Global val:[0.         0.75754264 0.873902   0.36638951 0.77655291 0.74809711
 0.66939885]
================================
epoch [55/120] IoU: train = 0.8933, val = 0.7048
epoch [55/120] Local  -- IoU: train = 0.8732, val = 0.6960
epoch [55/120] Global -- IoU: train = 0.8856, val = 0.7006
train: [0.75066628 0.87063234 0.95789628 0.79716825 0.94454465 0.88440193
 0.9049075 ]
val:[0.28122677 0.76207541 0.87334312 0.37578305 0.77683423 0.76484892
 0.67590082]
Local train:[0.80832726 0.8520436  0.9503929  0.76234273 0.93321305 0.8581454
 0.88283436]
Local val:[0.21300327 0.7555219  0.8714997  0.36123148 0.76720459 0.75795291
 0.66282156]
Global train:[0.62786926 0.86403628 0.95559374 0.78849919 0.94234285 0.86475122
 0.89823503]
Global val:[0.24487661 0.76042381 0.87309384 0.36893881 0.77685758 0.7512433
 0.67283317]
================================
epoch [56/120] IoU: train = 0.8910, val = 0.7021
epoch [56/120] Local  -- IoU: train = 0.8722, val = 0.6960
epoch [56/120] Global -- IoU: train = 0.8832, val = 0.6983
train: [0.80401926 0.86558528 0.95765762 0.79576803 0.94270366 0.88400915
 0.89999629]
val:[0.24574895 0.75948051 0.87351236 0.37297259 0.77866947 0.76234091
 0.66577439]
Local train:[0.80846773 0.85115184 0.95033302 0.75916953 0.93070207 0.8605411
 0.88148613]
Local val:[0.21300327 0.7555219  0.8714997  0.36123148 0.76720459 0.75795291
 0.66282156]
Global train:[0.64996591 0.86151743 0.9551469  0.78245986 0.93830484 0.86541597
 0.8961296 ]
Global val:[0.21087177 0.75544557 0.87295638 0.36470772 0.78046186 0.75203649
 0.66433159]
================================
epoch [57/120] IoU: train = 0.8916, val = 0.7047
epoch [57/120] Local  -- IoU: train = 0.8728, val = 0.6960
epoch [57/120] Global -- IoU: train = 0.8835, val = 0.7017
train: [0.82807198 0.8680617  0.95696649 0.79722019 0.94259799 0.88416574
 0.90069891]
val:[0.23164277 0.75804577 0.87321976 0.37532914 0.77870253 0.76472832
 0.6783018 ]
Local train:[0.81494925 0.85247044 0.94988275 0.7600873  0.9332223  0.85761147
 0.88357805]
Local val:[0.21300327 0.7555219  0.8714997  0.36123148 0.76720459 0.75795291
 0.66282156]
Global train:[0.80452091 0.86152446 0.95471989 0.78832691 0.93868252 0.86688799
 0.89105536]
Global val:[0.20873616 0.75275907 0.87294192 0.37210352 0.78006615 0.75490871
 0.677692  ]
================================
epoch [58/120] IoU: train = 0.8932, val = 0.7023
epoch [58/120] Local  -- IoU: train = 0.8726, val = 0.6960
epoch [58/120] Global -- IoU: train = 0.8865, val = 0.7034
train: [0.83369857 0.87155668 0.9578795  0.79561068 0.94400229 0.88435769
 0.90598024]
val:[0.20635748 0.75668545 0.87281606 0.3729327  0.7767247  0.76062175
 0.67410948]
Local train:[0.81387299 0.85101841 0.95014885 0.75940787 0.93179004 0.85999723
 0.88335167]
Local val:[0.21300327 0.7555219  0.8714997  0.36123148 0.76720459 0.75795291
 0.66282156]
Global train:[0.80663036 0.86640945 0.95574509 0.78630068 0.94132862 0.86829828
 0.90110936]
Global val:[0.17263817 0.75656601 0.8723979  0.38513516 0.7794741  0.7518
 0.67522654]
================================
epoch [59/120] IoU: train = 0.8932, val = 0.7046
epoch [59/120] Local  -- IoU: train = 0.8732, val = 0.6960
epoch [59/120] Global -- IoU: train = 0.8861, val = 0.7024
train: [0.81153305 0.86991669 0.95812945 0.79631155 0.94385181 0.88648792
 0.9047626 ]
val:[0.20123438 0.76208898 0.87363792 0.37371294 0.77915521 0.76312047
 0.67599014]
Local train:[0.79129471 0.85330195 0.95035169 0.760935   0.93063456 0.86084607
 0.88286678]
Local val:[0.21300327 0.7555219  0.8714997  0.36123148 0.76720459 0.75795291
 0.66282156]
Global train:[0.79807792 0.86487258 0.95585544 0.78738299 0.94092233 0.86866955
 0.89918837]
Global val:[0.18060167 0.76025966 0.87357429 0.37313374 0.77969561 0.75264466
 0.67514764]
================================
epoch [60/120] IoU: train = 0.8932, val = 0.7051
epoch [60/120] Local  -- IoU: train = 0.8728, val = 0.6960
epoch [60/120] Global -- IoU: train = 0.8848, val = 0.7031
train: [0.81783873 0.87064379 0.95756333 0.79579362 0.94323252 0.8866906
 0.90528679]
val:[0.23183428 0.7634133  0.87398169 0.37124085 0.78052508 0.76407022
 0.67744698]
Local train:[0.81048051 0.8533015  0.95046966 0.76025753 0.93127327 0.85918348
 0.8823592 ]
Local val:[0.21300327 0.7555219  0.8714997  0.36123148 0.76720459 0.75795291
 0.66282156]
Global train:[0.80053941 0.86179886 0.95503699 0.78326205 0.94066104 0.86802696
 0.89972243]
Global val:[0.23691566 0.76141394 0.87340952 0.37487614 0.78081175 0.75189185
 0.67641441]
================================
epoch [61/120] IoU: train = 0.8938, val = 0.7051
epoch [61/120] Local  -- IoU: train = 0.8724, val = 0.6960
epoch [61/120] Global -- IoU: train = 0.8826, val = 0.7011
train: [0.80689003 0.87135983 0.95853991 0.79929365 0.9451375  0.88602976
 0.90243861]
val:[0.22250972 0.76412059 0.87374573 0.3766788  0.7784607  0.76304619
 0.67430661]
Local train:[0.80002655 0.85177263 0.95018006 0.75925201 0.9326152  0.85943473
 0.88087929]
Local val:[0.21300327 0.7555219  0.8714997  0.36123148 0.76720459 0.75795291
 0.66282156]
Global train:[0.80584869 0.85425291 0.95479443 0.78244736 0.94199194 0.8671758
 0.8947695 ]
Global val:[0.16228907 0.76156157 0.87297201 0.37016282 0.77741316 0.75061178
 0.6737247 ]
================================
epoch [62/120] IoU: train = 0.8931, val = 0.7077
epoch [62/120] Local  -- IoU: train = 0.8730, val = 0.6960
epoch [62/120] Global -- IoU: train = 0.8854, val = 0.7032
train: [0.81747122 0.86918883 0.95738659 0.7969657  0.9435925  0.8861065
 0.90541149]
val:[0.24476164 0.76370611 0.87282455 0.3917342  0.7769714  0.76476342
 0.67609293]
Local train:[0.80945334 0.8512054  0.95007764 0.75964624 0.93132768 0.86068128
 0.88491917]
Local val:[0.21300327 0.7555219  0.8714997  0.36123148 0.76720459 0.75795291
 0.66282156]
Global train:[0.79823632 0.86403806 0.9552026  0.78577079 0.94017346 0.86585721
 0.90105871]
Global val:[0.21516918 0.76039432 0.87257966 0.38293754 0.77688952 0.75000918
 0.67655501]
================================
epoch [63/120] IoU: train = 0.8934, val = 0.7041
epoch [63/120] Local  -- IoU: train = 0.8722, val = 0.6960
epoch [63/120] Global -- IoU: train = 0.8860, val = 0.7023
train: [0.81829135 0.87079387 0.95816289 0.79802245 0.94322208 0.88616851
 0.90378797]
val:[0.20875259 0.76016171 0.87341699 0.37117565 0.77826492 0.7623379
 0.67912308]
Local train:[0.79587728 0.8509078  0.95037795 0.76049195 0.93118125 0.85936726
 0.88102101]
Local val:[0.21300327 0.7555219  0.8714997  0.36123148 0.76720459 0.75795291
 0.66282156]
Global train:[0.80906707 0.86532686 0.95622309 0.78834759 0.93920327 0.86832808
 0.89862315]
Global val:[0.15404337 0.76002809 0.8734987  0.3703027  0.77896661 0.75270884
 0.67817123]
================================
epoch [64/120] IoU: train = 0.8947, val = 0.7024
epoch [64/120] Local  -- IoU: train = 0.8730, val = 0.6960
epoch [64/120] Global -- IoU: train = 0.8866, val = 0.7011
train: [0.77999234 0.871203   0.95859443 0.80073151 0.94371081 0.88628674
 0.90741501]
val:[0.24716674 0.76267713 0.87342356 0.3653508  0.77872947 0.75819873
 0.6759113 ]
Local train:[0.79130518 0.85137753 0.95033012 0.75998893 0.93119287 0.86261656
 0.8823984 ]
Local val:[0.21300327 0.7555219  0.8714997  0.36123148 0.76720459 0.75795291
 0.66282156]
Global train:[0.74970788 0.86488852 0.95600981 0.78895249 0.94013353 0.86814692
 0.90163313]
Global val:[0.25862184 0.75712125 0.87303792 0.37141392 0.77909017 0.7489889
 0.67669607]
================================
epoch [65/120] IoU: train = 0.8942, val = 0.7051
epoch [65/120] Local  -- IoU: train = 0.8731, val = 0.6960
epoch [65/120] Global -- IoU: train = 0.8856, val = 0.7022
train: [0.8262284  0.87067094 0.95825543 0.79763582 0.94345404 0.88890023
 0.90651426]
val:[0.22483875 0.75905837 0.87371751 0.37986903 0.77836053 0.76277216
 0.67701692]
Local train:[0.82445418 0.85032799 0.95043299 0.76158353 0.93111348 0.86377542
 0.88154556]
Local val:[0.21300327 0.7555219  0.8714997  0.36123148 0.76720459 0.75795291
 0.66282156]
Global train:[0.77720662 0.86309035 0.95545481 0.78515607 0.93981767 0.86988117
 0.90029788]
Global val:[0.20507441 0.75800604 0.87324413 0.37662027 0.77868261 0.74993592
 0.67689102]
================================
epoch [66/120] IoU: train = 0.8938, val = 0.7048
epoch [66/120] Local  -- IoU: train = 0.8725, val = 0.6960
epoch [66/120] Global -- IoU: train = 0.8853, val = 0.7027
train: [0.82428178 0.87103578 0.95833666 0.79741637 0.9429718  0.88820421
 0.90507205]
val:[0.21276701 0.75905775 0.87372638 0.38300481 0.77907128 0.76121179
 0.67298825]
Local train:[0.81610341 0.85158462 0.95039031 0.75948121 0.93056324 0.86079208
 0.8823323 ]
Local val:[0.21300327 0.7555219  0.8714997  0.36123148 0.76720459 0.75795291
 0.66282156]
Global train:[0.81437144 0.86476581 0.95544811 0.78185833 0.94047046 0.86923704
 0.8998868 ]
Global val:[0.17281969 0.75580735 0.87271481 0.38658654 0.77993935 0.75132539
 0.6698596 ]
================================
epoch [67/120] IoU: train = 0.8936, val = 0.7050
epoch [67/120] Local  -- IoU: train = 0.8722, val = 0.6960
epoch [67/120] Global -- IoU: train = 0.8838, val = 0.7030
train: [0.80986578 0.87055408 0.95779335 0.79930118 0.94231888 0.88541988
 0.90638843]
val:[0.26235387 0.76187196 0.87221765 0.39209754 0.77748285 0.75591454
 0.67062976]
Local train:[0.7917267  0.85244801 0.95008346 0.7597831  0.93011013 0.85873273
 0.88201008]
Local val:[0.21300327 0.7555219  0.8714997  0.36123148 0.76720459 0.75795291
 0.66282156]
Global train:[0.77956492 0.86575875 0.95517125 0.78280002 0.93714648 0.86343334
 0.89852423]
Global val:[0.26477761 0.75540106 0.87261721 0.38919483 0.77803388 0.74809319
 0.67460679]
================================
epoch [68/120] IoU: train = 0.8941, val = 0.7029
epoch [68/120] Local  -- IoU: train = 0.8734, val = 0.6960
epoch [68/120] Global -- IoU: train = 0.8847, val = 0.6975
train: [0.80582246 0.87057911 0.95822515 0.8009557  0.94400787 0.88427252
 0.90680252]
val:[0.2134247  0.76392519 0.87348245 0.36801673 0.77575085 0.76313528
 0.67294964]
Local train:[0.80809537 0.85131991 0.95051281 0.76055752 0.93096434 0.86277212
 0.88439196]
Local val:[0.21300327 0.7555219  0.8714997  0.36123148 0.76720459 0.75795291
 0.66282156]
Global train:[0.74679052 0.86218823 0.95488634 0.78271082 0.94009313 0.86674383
 0.90135444]
Global val:[0.15047191 0.75985054 0.87305674 0.35698396 0.77674538 0.75160525
 0.66649412]
================================
epoch [69/120] IoU: train = 0.8954, val = 0.7060
epoch [69/120] Local  -- IoU: train = 0.8727, val = 0.6960
epoch [69/120] Global -- IoU: train = 0.8872, val = 0.7007
train: [0.81340205 0.87308001 0.95855276 0.79991705 0.94520679 0.88909318
 0.9065713 ]
val:[0.23072259 0.76277754 0.87419725 0.37845414 0.7797773  0.76553792
 0.67507278]
Local train:[0.81063403 0.85231095 0.95017825 0.75975466 0.93140578 0.86137103
 0.88145966]
Local val:[0.21300327 0.7555219  0.8714997  0.36123148 0.76720459 0.75795291
 0.66282156]
Global train:[0.76544385 0.8666168  0.95629351 0.78627708 0.94230593 0.87054074
 0.90134719]
Global val:[0.19976136 0.75205957 0.87343379 0.38027878 0.77721334 0.75141302
 0.67004861]
================================
epoch [70/120] IoU: train = 0.8951, val = 0.7045
epoch [70/120] Local  -- IoU: train = 0.8728, val = 0.6960
epoch [70/120] Global -- IoU: train = 0.8848, val = 0.7027
train: [0.81124519 0.87284116 0.95842166 0.80208254 0.94302796 0.8884643
 0.90549522]
val:[0.24516313 0.76384341 0.87327276 0.36981561 0.77849651 0.76596385
 0.67572566]
Local train:[0.81204117 0.85207404 0.95024581 0.76087669 0.93057834 0.8597034
 0.88358965]
Local val:[0.21300327 0.7555219  0.8714997  0.36123148 0.76720459 0.75795291
 0.66282156]
Global train:[0.7794889  0.86319473 0.95597812 0.78353568 0.9392022  0.86787653
 0.89901869]
Global val:[0.26097871 0.75988917 0.87295222 0.37935937 0.77955344 0.75158068
 0.6728126 ]
================================
epoch [71/120] IoU: train = 0.8946, val = 0.7042
epoch [71/120] Local  -- IoU: train = 0.8724, val = 0.6960
epoch [71/120] Global -- IoU: train = 0.8860, val = 0.7023
train: [0.79210296 0.87104472 0.95865881 0.79947735 0.94542418 0.88677044
 0.90615598]
val:[0.22027269 0.76309955 0.87388357 0.37146887 0.777555   0.76394746
 0.67535828]
Local train:[0.80399403 0.85186852 0.95027825 0.75734384 0.93091643 0.86052308
 0.88318834]
Local val:[0.21300327 0.7555219  0.8714997  0.36123148 0.76720459 0.75795291
 0.66282156]
Global train:[0.74370427 0.86330947 0.9559194  0.78738163 0.9423507  0.86727046
 0.89968996]
Global val:[0.18051572 0.76088418 0.8724821  0.37394802 0.77739508 0.75114815
 0.6779958 ]
================================
epoch [72/120] IoU: train = 0.8956, val = 0.7045
epoch [72/120] Local  -- IoU: train = 0.8713, val = 0.6960
epoch [72/120] Global -- IoU: train = 0.8864, val = 0.6999
train: [0.79886214 0.87329852 0.95820876 0.80178632 0.94605154 0.88757574
 0.90646534]
val:[0.20278878 0.7609329  0.8735315  0.38125097 0.77519598 0.76196993
 0.67394828]
Local train:[0.79531028 0.85074545 0.94942719 0.75717197 0.93093003 0.85834394
 0.88131926]
Local val:[0.21300327 0.7555219  0.8714997  0.36123148 0.76720459 0.75795291
 0.66282156]
Global train:[0.75470172 0.86583653 0.95552627 0.78885358 0.94298251 0.86709464
 0.89816767]
Global val:[0.2469164  0.76035161 0.87263235 0.36644875 0.77569277 0.74918012
 0.67481033]
================================
epoch [73/120] IoU: train = 0.8960, val = 0.7018
epoch [73/120] Local  -- IoU: train = 0.8726, val = 0.6960
epoch [73/120] Global -- IoU: train = 0.8876, val = 0.6961
train: [0.81921279 0.87543651 0.95920301 0.80215626 0.94508725 0.88730368
 0.90703161]
val:[0.21809326 0.75326117 0.87273869 0.36386596 0.7807192  0.76420542
 0.67617304]
Local train:[0.80162663 0.85324187 0.9505531  0.76091948 0.93123892 0.85827726
 0.8813171 ]
Local val:[0.21300327 0.7555219  0.8714997  0.36123148 0.76720459 0.75795291
 0.66282156]
Global train:[0.76900065 0.86846958 0.95672298 0.79096769 0.94164442 0.86797115
 0.90011307]
Global val:[0.16683779 0.7385984  0.87111325 0.36786022 0.77969443 0.7507797
 0.66853317]
================================
epoch [74/120] IoU: train = 0.8966, val = 0.7060
epoch [74/120] Local  -- IoU: train = 0.8731, val = 0.6960
epoch [74/120] Global -- IoU: train = 0.8874, val = 0.7035
train: [0.82449649 0.87183341 0.9595022  0.80489415 0.94705255 0.88782735
 0.90838343]
val:[0.2499606  0.76308255 0.87303878 0.38158591 0.77784673 0.76449254
 0.67567433]
Local train:[0.80640126 0.85103593 0.95067413 0.76130172 0.93271025 0.86082928
 0.88176113]
Local val:[0.21300327 0.7555219  0.8714997  0.36123148 0.76720459 0.75795291
 0.66282156]
Global train:[0.79479928 0.8610858  0.95662824 0.79286909 0.94437388 0.86903783
 0.90026855]
Global val:[0.2315962  0.75998763 0.87129779 0.38524528 0.77733525 0.75194459
 0.67513374]
================================
epoch [75/120] IoU: train = 0.8950, val = 0.7041
epoch [75/120] Local  -- IoU: train = 0.8725, val = 0.6960
epoch [75/120] Global -- IoU: train = 0.8848, val = 0.6965
train: [0.81660236 0.87083285 0.95894283 0.80035592 0.9473977  0.88711507
 0.90543453]
val:[0.21980575 0.76324365 0.87382043 0.37636946 0.77879517 0.76035724
 0.67207089]
Local train:[0.81604124 0.85243697 0.95041223 0.75835999 0.93215233 0.85991231
 0.88178152]
Local val:[0.21300327 0.7555219  0.8714997  0.36123148 0.76720459 0.75795291
 0.66282156]
Global train:[0.77892551 0.8601639  0.95485653 0.78334917 0.94431803 0.86770479
 0.89840635]
Global val:[0.19970441 0.75559089 0.87328831 0.36562135 0.7768341  0.7434777
 0.66445786]
================================
epoch [76/120] IoU: train = 0.8963, val = 0.7048
epoch [76/120] Local  -- IoU: train = 0.8731, val = 0.6960
epoch [76/120] Global -- IoU: train = 0.8883, val = 0.7002
train: [0.8213284  0.87177958 0.95906757 0.80407136 0.94583343 0.88967912
 0.90711154]
val:[0.2275917  0.76255604 0.87381496 0.37829706 0.77780153 0.76323339
 0.67334151]
Local train:[0.80139051 0.85101928 0.95033178 0.76091124 0.93155404 0.86171012
 0.88288976]
Local val:[0.21300327 0.7555219  0.8714997  0.36123148 0.76720459 0.75795291
 0.66282156]
Global train:[0.74132416 0.86593181 0.95656173 0.79243908 0.94337445 0.86953435
 0.90181394]
Global val:[0.13522588 0.75980041 0.87325895 0.3717716  0.7785166  0.74569463
 0.67205604]
================================
epoch [77/120] IoU: train = 0.8958, val = 0.7054
epoch [77/120] Local  -- IoU: train = 0.8719, val = 0.6960
epoch [77/120] Global -- IoU: train = 0.8885, val = 0.7021
train: [0.81208527 0.8728163  0.9590637  0.80082672 0.94488953 0.89002598
 0.90693767]
val:[0.24688543 0.76241751 0.8740167  0.37348699 0.78156529 0.76128478
 0.67940751]
Local train:[0.80872378 0.8513696  0.95023459 0.75847369 0.93077961 0.85864054
 0.88196329]
Local val:[0.21300327 0.7555219  0.8714997  0.36123148 0.76720459 0.75795291
 0.66282156]
Global train:[0.79118415 0.86704299 0.95673363 0.79084869 0.94353209 0.87032332
 0.90224916]
Global val:[0.22271014 0.75856537 0.87340712 0.3734348  0.78033736 0.74875517
 0.67831416]
================================
epoch [78/120] IoU: train = 0.8974, val = 0.7030
epoch [78/120] Local  -- IoU: train = 0.8731, val = 0.6960
epoch [78/120] Global -- IoU: train = 0.8897, val = 0.7007
train: [0.81748119 0.87312051 0.95982167 0.8064641  0.94627833 0.89109953
 0.90777985]
val:[0.20472696 0.76305182 0.87397342 0.36170738 0.7792746  0.76496595
 0.67481677]
Local train:[0.80706605 0.85234011 0.95045321 0.76206252 0.93226948 0.85908666
 0.88263824]
Local val:[0.21300327 0.7555219  0.8714997  0.36123148 0.76720459 0.75795291
 0.66282156]
Global train:[0.77469611 0.86630021 0.95732633 0.79492615 0.94407559 0.8716326
 0.90379944]
Global val:[0.13349933 0.76053762 0.87333526 0.36202052 0.78065965 0.75051442
 0.6769351 ]
================================
epoch [79/120] IoU: train = 0.8962, val = 0.7063
epoch [79/120] Local  -- IoU: train = 0.8732, val = 0.6960
epoch [79/120] Global -- IoU: train = 0.8868, val = 0.7031
train: [0.832507   0.87300183 0.95945249 0.80313479 0.94612842 0.88909991
 0.90639417]
val:[0.20982341 0.76208215 0.87377114 0.38227309 0.77873448 0.76434169
 0.67637274]
Local train:[0.81877309 0.85314686 0.95087915 0.76159863 0.93190334 0.85989011
 0.88192868]
Local val:[0.21300327 0.7555219  0.8714997  0.36123148 0.76720459 0.75795291
 0.66282156]
Global train:[0.78613643 0.86208364 0.95698711 0.79249914 0.94261708 0.86914491
 0.89762223]
Global val:[0.14714144 0.75781174 0.87243582 0.38509907 0.7779148  0.74993322
 0.67528519]
================================
epoch [80/120] IoU: train = 0.8960, val = 0.7054
epoch [80/120] Local  -- IoU: train = 0.8719, val = 0.6960
epoch [80/120] Global -- IoU: train = 0.8884, val = 0.7038
train: [0.83173892 0.87325541 0.95923804 0.80224569 0.94323406 0.889777
 0.9081216 ]
val:[0.22467784 0.76490889 0.87367385 0.37328999 0.77856507 0.76541701
 0.67675699]
Local train:[0.81039631 0.8502899  0.95011015 0.75906144 0.92936354 0.86006986
 0.88223882]
Local val:[0.21300327 0.7555219  0.8714997  0.36123148 0.76720459 0.75795291
 0.66282156]
Global train:[0.7990341  0.86649442 0.9566418  0.78839096 0.94177646 0.87303086
 0.90389692]
Global val:[0.1966861  0.75979094 0.87196843 0.38566791 0.77985156 0.74976703
 0.67579494]
================================
epoch [81/120] IoU: train = 0.8968, val = 0.7036
epoch [81/120] Local  -- IoU: train = 0.8720, val = 0.6960
epoch [81/120] Global -- IoU: train = 0.8894, val = 0.7020
train: [0.81450496 0.87273007 0.9592319  0.80286722 0.94630309 0.88997374
 0.90984676]
val:[0.25075004 0.75883572 0.87325912 0.37243256 0.7771658  0.76169461
 0.67825733]
Local train:[0.81015425 0.85099825 0.94998511 0.75810223 0.93145764 0.85912452
 0.88224146]
Local val:[0.21300327 0.7555219  0.8714997  0.36123148 0.76720459 0.75795291
 0.66282156]
Global train:[0.79921966 0.86757194 0.95679612 0.79237767 0.94408008 0.8721954
 0.90362284]
Global val:[0.2281866  0.75463195 0.87281675 0.3754498  0.77839553 0.75194786
 0.67851768]
================================
epoch [82/120] IoU: train = 0.8979, val = 0.7028
epoch [82/120] Local  -- IoU: train = 0.8737, val = 0.6960
epoch [82/120] Global -- IoU: train = 0.8898, val = 0.6985
train: [0.82562277 0.87334373 0.96012874 0.80700484 0.94628811 0.89139086
 0.90942773]
val:[0.21681897 0.75944096 0.8736146  0.3702861  0.77919024 0.76276801
 0.67143579]
Local train:[0.82000594 0.85147698 0.95107165 0.76253615 0.93161491 0.86180631
 0.88365249]
Local val:[0.21300327 0.7555219  0.8714997  0.36123148 0.76720459 0.75795291
 0.66282156]
Global train:[0.81347597 0.86645169 0.95734901 0.79559106 0.94388285 0.87297396
 0.90282759]
Global val:[0.17911385 0.75523868 0.87280997 0.36551597 0.77923614 0.74888726
 0.66949321]
================================
epoch [83/120] IoU: train = 0.8975, val = 0.7033
epoch [83/120] Local  -- IoU: train = 0.8732, val = 0.6960
epoch [83/120] Global -- IoU: train = 0.8887, val = 0.6994
train: [0.83718088 0.87404678 0.95958246 0.80336757 0.9458725  0.89155001
 0.91031867]
val:[0.22582117 0.76013144 0.8742862  0.37621151 0.77951393 0.75989281
 0.66970588]
Local train:[0.81102662 0.85187755 0.95097727 0.76192018 0.93174475 0.85927655
 0.88321359]
Local val:[0.21300327 0.7555219  0.8714997  0.36123148 0.76720459 0.75795291
 0.66282156]
Global train:[0.81741631 0.86679926 0.95658391 0.79070617 0.94297998 0.87060543
 0.90464725]
Global val:[0.16701199 0.75109942 0.87295995 0.37169249 0.77922621 0.74933564
 0.67237156]
================================
epoch [84/120] IoU: train = 0.8974, val = 0.7032
epoch [84/120] Local  -- IoU: train = 0.8734, val = 0.6960
epoch [84/120] Global -- IoU: train = 0.8888, val = 0.7007
train: [0.83176308 0.87375906 0.96002479 0.80934974 0.94519618 0.8892122
 0.90705498]
val:[0.22097653 0.75641207 0.87376154 0.37284075 0.77848736 0.76373001
 0.67401681]
Local train:[0.81222174 0.85150452 0.95062388 0.76298776 0.93221029 0.86097762
 0.88238038]
Local val:[0.21300327 0.7555219  0.8714997  0.36123148 0.76720459 0.75795291
 0.66282156]
Global train:[0.79739952 0.86698161 0.95719204 0.79622732 0.94084554 0.87049384
 0.90117237]
Global val:[0.14041648 0.75115964 0.87336131 0.37544907 0.78016733 0.74956799
 0.67419855]
================================
epoch [85/120] IoU: train = 0.8973, val = 0.7039
epoch [85/120] Local  -- IoU: train = 0.8724, val = 0.6960
epoch [85/120] Global -- IoU: train = 0.8887, val = 0.7002
train: [0.81191122 0.87327657 0.95968015 0.80443998 0.94764637 0.89090188
 0.90774054]
val:[0.23142603 0.76437493 0.87368891 0.36425351 0.77999318 0.76221302
 0.67902955]
Local train:[0.81292055 0.85156285 0.95029329 0.75825401 0.93166546 0.86201303
 0.88040557]
Local val:[0.21300327 0.7555219  0.8714997  0.36123148 0.76720459 0.75795291
 0.66282156]
Global train:[0.79607714 0.86562769 0.95692037 0.79298983 0.94469422 0.87050508
 0.90162757]
Global val:[0.1686451  0.76009513 0.87326478 0.36027417 0.78038855 0.74890443
 0.67821758]
================================
epoch [86/120] IoU: train = 0.8982, val = 0.7048
epoch [86/120] Local  -- IoU: train = 0.8723, val = 0.6960
epoch [86/120] Global -- IoU: train = 0.8904, val = 0.7017
train: [0.79892662 0.87362708 0.96003728 0.8069762  0.94747284 0.89088862
 0.91015021]
val:[0.21401797 0.76278098 0.87413975 0.37237274 0.77809827 0.76572141
 0.67589646]
Local train:[0.80179276 0.85130298 0.95036589 0.75908194 0.93128906 0.85974356
 0.88191112]
Local val:[0.21300327 0.7555219  0.8714997  0.36123148 0.76720459 0.75795291
 0.66282156]
Global train:[0.77289698 0.86603692 0.9577473  0.7968565  0.94452208 0.87284467
 0.90421225]
Global val:[0.17739669 0.7610198  0.87349389 0.36882922 0.77846763 0.7524772
 0.67609208]
================================
epoch [87/120] IoU: train = 0.8985, val = 0.7027
epoch [87/120] Local  -- IoU: train = 0.8734, val = 0.6960
epoch [87/120] Global -- IoU: train = 0.8909, val = 0.7015
train: [0.81067839 0.87519005 0.95980114 0.80774378 0.94558677 0.89137534
 0.91130763]
val:[0.22536453 0.75774838 0.87380417 0.36798014 0.77987786 0.76041465
 0.67628255]
Local train:[0.80150779 0.85329485 0.95051556 0.76104046 0.93120667 0.86006377
 0.88451838]
Local val:[0.21300327 0.7555219  0.8714997  0.36123148 0.76720459 0.75795291
 0.66282156]
Global train:[0.7935369  0.86958791 0.95755014 0.79637199 0.9432611  0.87181959
 0.90658887]
Global val:[0.24052078 0.75873932 0.87364947 0.37005527 0.78040692 0.75039284
 0.67547241]
================================
epoch [88/120] IoU: train = 0.8979, val = 0.7053
epoch [88/120] Local  -- IoU: train = 0.8736, val = 0.6960
epoch [88/120] Global -- IoU: train = 0.8908, val = 0.7026
train: [0.84098626 0.87325982 0.96005984 0.80605671 0.94768822 0.89106698
 0.90917256]
val:[0.22387926 0.7628795  0.87388611 0.37554283 0.77575499 0.76766468
 0.67630618]
Local train:[0.81439813 0.85159119 0.9508544  0.76124925 0.93286088 0.86156551
 0.88348387]
Local val:[0.21300327 0.7555219  0.8714997  0.36123148 0.76720459 0.75795291
 0.66282156]
Global train:[0.7722727  0.86831362 0.95777755 0.79612734 0.94500791 0.87269078
 0.90463016]
Global val:[0.15059467 0.75932652 0.87313756 0.3778714  0.7759687  0.75332419
 0.67623742]
================================
epoch [89/120] IoU: train = 0.8983, val = 0.7065
epoch [89/120] Local  -- IoU: train = 0.8734, val = 0.6960
epoch [89/120] Global -- IoU: train = 0.8913, val = 0.7031
train: [0.82690166 0.87392045 0.9601142  0.80747499 0.94793584 0.89142431
 0.90895647]
val:[0.23113993 0.76225646 0.8737462  0.38501186 0.77927339 0.76271007
 0.67592044]
Local train:[0.81234492 0.85145675 0.950448   0.76041499 0.93192668 0.86176693
 0.88414322]
Local val:[0.21300327 0.7555219  0.8714997  0.36123148 0.76720459 0.75795291
 0.66282156]
Global train:[0.78674166 0.869059   0.95787021 0.79720268 0.94531274 0.87481885
 0.90370209]
Global val:[0.20051222 0.75816837 0.87279033 0.38603929 0.77839135 0.74761991
 0.67538897]
================================
epoch [90/120] IoU: train = 0.8974, val = 0.7021
epoch [90/120] Local  -- IoU: train = 0.8731, val = 0.6960
epoch [90/120] Global -- IoU: train = 0.8893, val = 0.7002
train: [0.82841152 0.87275148 0.96032757 0.805445   0.94702539 0.89080761
 0.90779447]
val:[0.23685836 0.7589372  0.87355291 0.36981792 0.77724141 0.76089221
 0.67195243]
Local train:[0.79779566 0.85142002 0.95087301 0.76111774 0.93199517 0.86135629
 0.8820989 ]
Local val:[0.21300327 0.7555219  0.8714997  0.36123148 0.76720459 0.75795291
 0.66282156]
Global train:[0.81631045 0.8654557  0.9579007  0.79486178 0.9444774  0.87211339
 0.90119244]
Global val:[0.22517067 0.75491662 0.87339164 0.37718402 0.77769895 0.74696084
 0.67117684]
================================
epoch [91/120] IoU: train = 0.8983, val = 0.7014
epoch [91/120] Local  -- IoU: train = 0.8725, val = 0.6960
epoch [91/120] Global -- IoU: train = 0.8901, val = 0.6958
train: [0.84608332 0.87462172 0.95991924 0.80500151 0.94797073 0.89275548
 0.90941703]
val:[0.2417546  0.76141247 0.87372964 0.3634646  0.77818113 0.76040202
 0.67120218]
Local train:[0.81479626 0.85202071 0.95032037 0.75951176 0.93196317 0.8606333
 0.88077846]
Local val:[0.21300327 0.7555219  0.8714997  0.36123148 0.76720459 0.75795291
 0.66282156]
Global train:[0.82923688 0.86697008 0.95759509 0.79363664 0.94439785 0.87348547
 0.90429939]
Global val:[0.23027738 0.75821835 0.87282829 0.34794756 0.77886621 0.7466377
 0.67033312]
================================
epoch [92/120] IoU: train = 0.8981, val = 0.7049
epoch [92/120] Local  -- IoU: train = 0.8722, val = 0.6960
epoch [92/120] Global -- IoU: train = 0.8905, val = 0.7027
train: [0.82207443 0.87217311 0.96023821 0.80646872 0.94704493 0.89313639
 0.90941318]
val:[0.23267097 0.76252608 0.87401084 0.37401019 0.77907523 0.76355895
 0.67610251]
Local train:[0.79605538 0.84990807 0.95032018 0.75870196 0.93230233 0.8610846
 0.88075763]
Local val:[0.21300327 0.7555219  0.8714997  0.36123148 0.76720459 0.75795291
 0.66282156]
Global train:[0.81038597 0.86690641 0.9581078  0.79634134 0.94457905 0.87347385
 0.90384272]
Global val:[0.20463766 0.75895215 0.87332866 0.38083098 0.77961885 0.74780818
 0.67548874]
================================
epoch [93/120] IoU: train = 0.8989, val = 0.7061
epoch [93/120] Local  -- IoU: train = 0.8732, val = 0.6960
epoch [93/120] Global -- IoU: train = 0.8908, val = 0.7038
train: [0.82495737 0.87490865 0.96026532 0.80716236 0.94902612 0.88946385
 0.91251424]
val:[0.21550204 0.76268222 0.87395365 0.37814493 0.78028372 0.76464443
 0.67711273]
Local train:[0.79570654 0.8511428  0.95080619 0.75964558 0.93235831 0.85948078
 0.88558913]
Local val:[0.21300327 0.7555219  0.8714997  0.36123148 0.76720459 0.75795291
 0.66282156]
Global train:[0.81468102 0.86957283 0.95734048 0.79412772 0.94607347 0.86954811
 0.90803872]
Global val:[0.20463766 0.76013107 0.87210864 0.38397472 0.78022316 0.74888942
 0.67764528]
================================
epoch [94/120] IoU: train = 0.8989, val = 0.7049
epoch [94/120] Local  -- IoU: train = 0.8728, val = 0.6960
epoch [94/120] Global -- IoU: train = 0.8907, val = 0.7020
train: [0.81208137 0.87497984 0.96043987 0.80834318 0.94639817 0.89187554
 0.91161272]
val:[0.22287487 0.75976868 0.87372162 0.37757325 0.77852935 0.76295329
 0.67714961]
Local train:[0.8029888  0.85201647 0.95052968 0.75974799 0.93072516 0.85971321
 0.88408279]
Local val:[0.21300327 0.7555219  0.8714997  0.36123148 0.76720459 0.75795291
 0.66282156]
Global train:[0.8117329  0.86837182 0.95816349 0.79641225 0.94304671 0.87230508
 0.90593409]
Global val:[0.18531266 0.75490867 0.87292752 0.37959012 0.77934085 0.75020461
 0.67480481]
================================
epoch [95/120] IoU: train = 0.8988, val = 0.7052
epoch [95/120] Local  -- IoU: train = 0.8723, val = 0.6960
epoch [95/120] Global -- IoU: train = 0.8911, val = 0.7011
train: [0.8338772  0.87545571 0.96016121 0.80591927 0.94742928 0.89239766
 0.91163138]
val:[0.23511367 0.7631458  0.87380365 0.38038525 0.77855806 0.76225854
 0.67308365]
Local train:[0.80632864 0.85227179 0.94993109 0.75787311 0.93143255 0.85874891
 0.88328418]
Local val:[0.21300327 0.7555219  0.8714997  0.36123148 0.76720459 0.75795291
 0.66282156]
Global train:[0.81322888 0.86983757 0.95794714 0.79574858 0.94409718 0.87291399
 0.90578537]
Global val:[0.23065016 0.75748352 0.8729854  0.37718466 0.77796782 0.74771938
 0.67296303]
================================
epoch [96/120] IoU: train = 0.8993, val = 0.7062
epoch [96/120] Local  -- IoU: train = 0.8726, val = 0.6960
epoch [96/120] Global -- IoU: train = 0.8919, val = 0.7014
train: [0.82748447 0.87627535 0.96038688 0.80886429 0.94800347 0.89210574
 0.91006382]
val:[0.2187657  0.76416422 0.87330638 0.38206012 0.77782164 0.76331882
 0.67648533]
Local train:[0.80811901 0.8518646  0.95032511 0.758978   0.9316885  0.86072903
 0.88211422]
Local val:[0.21300327 0.7555219  0.8714997  0.36123148 0.76720459 0.75795291
 0.66282156]
Global train:[0.82151649 0.86984247 0.95817202 0.79781423 0.94578043 0.8733207
 0.90646216]
Global val:[0.22677931 0.75913049 0.87309327 0.37499515 0.77860618 0.74910416
 0.67376947]
================================
epoch [97/120] IoU: train = 0.8997, val = 0.7047
epoch [97/120] Local  -- IoU: train = 0.8733, val = 0.6960
epoch [97/120] Global -- IoU: train = 0.8917, val = 0.7011
train: [0.82962054 0.87473001 0.96041704 0.80975997 0.94785643 0.89419588
 0.91141812]
val:[0.22387164 0.76249565 0.87361164 0.37714408 0.77717642 0.76433573
 0.67337892]
Local train:[0.80246427 0.85103029 0.95062022 0.7620434  0.93238009 0.86271493
 0.8809507 ]
Local val:[0.21300327 0.7555219  0.8714997  0.36123148 0.76720459 0.75795291
 0.66282156]
Global train:[0.81365204 0.86786104 0.95807076 0.79905904 0.94487352 0.87396951
 0.90634434]
Global val:[0.21157613 0.75901138 0.87315814 0.37521587 0.777255   0.75023407
 0.67198313]
================================
epoch [98/120] IoU: train = 0.8991, val = 0.7052
epoch [98/120] Local  -- IoU: train = 0.8723, val = 0.6960
epoch [98/120] Global -- IoU: train = 0.8913, val = 0.7011
train: [0.82884289 0.87501576 0.96057647 0.80806945 0.94796634 0.89107624
 0.91206938]
val:[0.22382452 0.76138315 0.87396669 0.3803884  0.77834541 0.76477386
 0.67205574]
Local train:[0.81075537 0.85015506 0.95036867 0.75797132 0.93204877 0.86156173
 0.88163368]
Local val:[0.21300327 0.7555219  0.8714997  0.36123148 0.76720459 0.75795291
 0.66282156]
Global train:[0.8137525  0.86927893 0.95822907 0.79691343 0.94500155 0.87201075
 0.90633382]
Global val:[0.16194074 0.75727718 0.87321589 0.37734202 0.77795887 0.75020266
 0.67067029]
================================
epoch [99/120] IoU: train = 0.9002, val = 0.7062
epoch [99/120] Local  -- IoU: train = 0.8732, val = 0.6960
epoch [99/120] Global -- IoU: train = 0.8922, val = 0.7021
train: [0.84044763 0.87706218 0.96093905 0.81122993 0.94763911 0.89309436
 0.91138117]
val:[0.23062325 0.76070782 0.87359055 0.383908   0.77855206 0.76503343
 0.6754511 ]
Local train:[0.79932153 0.85362573 0.95051639 0.76086163 0.93089999 0.86053776
 0.88291363]
Local val:[0.21300327 0.7555219  0.8714997  0.36123148 0.76720459 0.75795291
 0.66282156]
Global train:[0.80568176 0.86990436 0.95846625 0.799764   0.94458318 0.87443256
 0.90629387]
Global val:[0.16211264 0.75816994 0.87290045 0.37607665 0.77940488 0.75017162
 0.6757913 ]
================================
epoch [100/120] IoU: train = 0.8998, val = 0.7038
epoch [100/120] Local  -- IoU: train = 0.8721, val = 0.6960
epoch [100/120] Global -- IoU: train = 0.8920, val = 0.7009
train: [0.83328958 0.87753111 0.96079061 0.80914339 0.94689722 0.89239208
 0.91225895]
val:[0.21277742 0.7609935  0.87376459 0.37397196 0.77814728 0.76331773
 0.67265203]
Local train:[0.80886961 0.85206426 0.95020868 0.75881327 0.92979433 0.8599073
 0.88209659]
Local val:[0.21300327 0.7555219  0.8714997  0.36123148 0.76720459 0.75795291
 0.66282156]
Global train:[0.81268103 0.87085904 0.95845213 0.79791662 0.94401664 0.87370794
 0.90696592]
Global val:[0.17182235 0.75657923 0.87330765 0.37354679 0.77878462 0.74992497
 0.67341104]
================================
epoch [101/120] IoU: train = 0.8999, val = 0.7050
epoch [101/120] Local  -- IoU: train = 0.8730, val = 0.6960
epoch [101/120] Global -- IoU: train = 0.8923, val = 0.7013
train: [0.84653158 0.87656058 0.9607935  0.80953361 0.94886122 0.89393335
 0.90947304]
val:[0.22501019 0.76354609 0.8736797  0.37392048 0.77735554 0.76554146
 0.67617225]
Local train:[0.81590366 0.85327104 0.95036376 0.76002743 0.9320395  0.86073466
 0.88174096]
Local val:[0.21300327 0.7555219  0.8714997  0.36123148 0.76720459 0.75795291
 0.66282156]
Global train:[0.80842754 0.87075469 0.95848517 0.79924167 0.94594126 0.87450413
 0.90505229]
Global val:[0.19698448 0.76035576 0.87307211 0.36812966 0.7787582  0.75153485
 0.67611421]
================================
epoch [102/120] IoU: train = 0.9000, val = 0.7046
epoch [102/120] Local  -- IoU: train = 0.8721, val = 0.6960
epoch [102/120] Global -- IoU: train = 0.8925, val = 0.7003
train: [0.84029806 0.87684146 0.9608338  0.81015716 0.94872524 0.89176801
 0.91138742]
val:[0.2049973  0.76201015 0.87333761 0.37001824 0.77850317 0.76593397
 0.67785042]
Local train:[0.81515003 0.85144352 0.95027104 0.75852237 0.93121509 0.85860479
 0.88266043]
Local val:[0.21300327 0.7555219  0.8714997  0.36123148 0.76720459 0.75795291
 0.66282156]
Global train:[0.81668267 0.87102284 0.95856173 0.79904516 0.94616778 0.87301432
 0.90689892]
Global val:[0.17281969 0.7576144  0.87302055 0.36513078 0.7791299  0.75106681
 0.67603255]
================================
epoch [103/120] IoU: train = 0.9014, val = 0.7053
epoch [103/120] Local  -- IoU: train = 0.8739, val = 0.6960
epoch [103/120] Global -- IoU: train = 0.8940, val = 0.7019
train: [0.82361183 0.87732956 0.96141091 0.81449449 0.94946168 0.89432063
 0.91144252]
val:[0.23300165 0.76238098 0.87355032 0.3777504  0.77811648 0.76420027
 0.67550999]
Local train:[0.79965875 0.85186235 0.95093342 0.76394299 0.93247785 0.86132598
 0.88293344]
Local val:[0.21300327 0.7555219  0.8714997  0.36123148 0.76720459 0.75795291
 0.66282156]
Global train:[0.82689443 0.871242   0.95925688 0.80453405 0.94734961 0.87499584
 0.90658596]
Global val:[0.1904407  0.75845891 0.87281746 0.3758869  0.77895013 0.74965108
 0.67567246]
================================
epoch [104/120] IoU: train = 0.9003, val = 0.7039
epoch [104/120] Local  -- IoU: train = 0.8721, val = 0.6960
epoch [104/120] Global -- IoU: train = 0.8931, val = 0.7001
train: [0.8406966  0.87623901 0.96105644 0.81096557 0.9484336  0.89279368
 0.91231379]
val:[0.21248479 0.75782604 0.87370207 0.37752267 0.77909517 0.76106133
 0.67393792]
Local train:[0.811139   0.85153686 0.95047148 0.7590911  0.93125881 0.85802116
 0.88206063]
Local val:[0.21300327 0.7555219  0.8714997  0.36123148 0.76720459 0.75795291
 0.66282156]
Global train:[0.81778015 0.87058654 0.95896455 0.80144651 0.94630495 0.8739849
 0.90733475]
Global val:[0.16955865 0.7544727  0.87305744 0.3725469  0.77956042 0.74829063
 0.67287873]
================================
epoch [105/120] IoU: train = 0.9006, val = 0.7034
epoch [105/120] Local  -- IoU: train = 0.8728, val = 0.6960
epoch [105/120] Global -- IoU: train = 0.8933, val = 0.6992
train: [0.8345428  0.87582837 0.96071235 0.81198555 0.95032194 0.8932549
 0.91134565]
val:[0.22789383 0.76232212 0.87396135 0.37189502 0.777791   0.76310368
 0.67151926]
Local train:[0.80369942 0.85154456 0.9500915  0.76116729 0.93279968 0.86009762
 0.88128601]
Local val:[0.21300327 0.7555219  0.8714997  0.36123148 0.76720459 0.75795291
 0.66282156]
Global train:[0.8064776  0.8702288  0.95863063 0.80163785 0.94772978 0.87452296
 0.90707478]
Global val:[0.22391569 0.75544376 0.87299548 0.36854821 0.77796644 0.74973567
 0.67067958]
================================
epoch [106/120] IoU: train = 0.9010, val = 0.7047
epoch [106/120] Local  -- IoU: train = 0.8736, val = 0.6960
epoch [106/120] Global -- IoU: train = 0.8936, val = 0.7011
train: [0.82915732 0.87829625 0.96083316 0.81044345 0.94988677 0.89396357
 0.91257933]
val:[0.22557964 0.76268792 0.87377252 0.37731986 0.77676106 0.76185863
 0.67586045]
Local train:[0.79352443 0.85245619 0.95028049 0.76089178 0.93216387 0.86286216
 0.88297519]
Local val:[0.21300327 0.7555219  0.8714997  0.36123148 0.76720459 0.75795291
 0.66282156]
Global train:[0.81595272 0.87160386 0.95863018 0.80055362 0.94753179 0.87569875
 0.90762079]
Global val:[0.20138679 0.75950689 0.87348209 0.37301306 0.77859696 0.74707945
 0.67497255]
================================
epoch [107/120] IoU: train = 0.9009, val = 0.7054
epoch [107/120] Local  -- IoU: train = 0.8721, val = 0.6960
epoch [107/120] Global -- IoU: train = 0.8931, val = 0.7020
train: [0.82977537 0.8775633  0.96100367 0.81105717 0.94783369 0.89423003
 0.91380868]
val:[0.23580835 0.76295091 0.87355505 0.37707331 0.77762836 0.76426543
 0.67680577]
Local train:[0.80795713 0.85017263 0.95010563 0.76006673 0.93077039 0.86109899
 0.88064656]
Local val:[0.21300327 0.7555219  0.8714997  0.36123148 0.76720459 0.75795291
 0.66282156]
Global train:[0.81622634 0.87136802 0.95873298 0.79987448 0.94524693 0.87438478
 0.90871527]
Global val:[0.19192097 0.75947281 0.87296541 0.37432573 0.77835476 0.75063448
 0.67610539]
================================
epoch [108/120] IoU: train = 0.9007, val = 0.7046
epoch [108/120] Local  -- IoU: train = 0.8730, val = 0.6960
epoch [108/120] Global -- IoU: train = 0.8926, val = 0.7003
train: [0.84361514 0.87666114 0.96105653 0.81207167 0.94838596 0.89304615
 0.91306905]
val:[0.22581482 0.76325435 0.87386395 0.37322881 0.77964201 0.76228434
 0.67508595]
Local train:[0.8067645  0.85206403 0.95017819 0.75999041 0.93083848 0.86049919
 0.8844516 ]
Local val:[0.21300327 0.7555219  0.8714997  0.36123148 0.76720459 0.75795291
 0.66282156]
Global train:[0.82355945 0.8701452  0.95858665 0.80002547 0.94535759 0.87328201
 0.90831865]
Global val:[0.19813593 0.76053203 0.87337352 0.36615633 0.77939948 0.74844353
 0.67415088]
================================
epoch [109/120] IoU: train = 0.9010, val = 0.7053
epoch [109/120] Local  -- IoU: train = 0.8719, val = 0.6960
epoch [109/120] Global -- IoU: train = 0.8937, val = 0.7017
train: [0.83501275 0.87713605 0.96134172 0.8126921  0.94997628 0.89350716
 0.91163988]
val:[0.23029878 0.76259538 0.87399974 0.37364624 0.7799096  0.76409387
 0.67740699]
Local train:[0.79432746 0.8511173  0.95012118 0.75892199 0.93159867 0.85924732
 0.88037571]
Local val:[0.21300327 0.7555219  0.8714997  0.36123148 0.76720459 0.75795291
 0.66282156]
Global train:[0.813937   0.87122573 0.95916741 0.80208353 0.94768161 0.87470896
 0.90725249]
Global val:[0.20463766 0.75658464 0.87313861 0.37366213 0.77936754 0.75033983
 0.67720538]
================================
epoch [110/120] IoU: train = 0.9018, val = 0.7048
epoch [110/120] Local  -- IoU: train = 0.8723, val = 0.6960
epoch [110/120] Global -- IoU: train = 0.8938, val = 0.7009
train: [0.83380543 0.87749224 0.96177995 0.81442062 0.94994861 0.89472921
 0.91225171]
val:[0.22803923 0.76352292 0.87377864 0.37509523 0.77732712 0.76181698
 0.67737113]
Local train:[0.79764506 0.85104171 0.95043944 0.7611381  0.93090748 0.85925101
 0.88119645]
Local val:[0.21300327 0.7555219  0.8714997  0.36123148 0.76720459 0.75795291
 0.66282156]
Global train:[0.82074297 0.87083727 0.95939077 0.80298036 0.94727889 0.87520653
 0.90734946]
Global val:[0.18848808 0.76076241 0.87319327 0.36898935 0.77761382 0.74905558
 0.67591048]
================================
epoch [111/120] IoU: train = 0.9018, val = 0.7051
epoch [111/120] Local  -- IoU: train = 0.8734, val = 0.6960
epoch [111/120] Global -- IoU: train = 0.8941, val = 0.7013
train: [0.83075526 0.87825267 0.96155111 0.81275847 0.94896286 0.89507708
 0.91411222]
val:[0.22881071 0.76346134 0.87341922 0.37425327 0.77846616 0.76351319
 0.67739694]
Local train:[0.8118901  0.85114161 0.950431   0.76185305 0.93174456 0.86125934
 0.88372353]
Local val:[0.21300327 0.7555219  0.8714997  0.36123148 0.76720459 0.75795291
 0.66282156]
Global train:[0.81792557 0.87201465 0.95934118 0.80255254 0.94642834 0.87491
 0.90907557]
Global val:[0.1965105  0.76124167 0.87317757 0.36869372 0.77881391 0.74912005
 0.67694494]
================================
epoch [112/120] IoU: train = 0.9024, val = 0.7049
epoch [112/120] Local  -- IoU: train = 0.8733, val = 0.6960
epoch [112/120] Global -- IoU: train = 0.8946, val = 0.7012
train: [0.84023528 0.8778077  0.96184242 0.8157832  0.95064463 0.89343747
 0.91474346]
val:[0.22579865 0.76258175 0.87394674 0.37539784 0.77917803 0.76336749
 0.67466805]
Local train:[0.80341766 0.85139335 0.95075186 0.76280176 0.93288487 0.85936551
 0.88247611]
Local val:[0.21300327 0.7555219  0.8714997  0.36123148 0.76720459 0.75795291
 0.66282156]
Global train:[0.82588808 0.87175436 0.95963608 0.80550294 0.94782214 0.8732324
 0.90951698]
Global val:[0.20968504 0.75928916 0.87317315 0.37123252 0.77913497 0.75004336
 0.67416404]
================================
epoch [113/120] IoU: train = 0.9024, val = 0.7044
epoch [113/120] Local  -- IoU: train = 0.8726, val = 0.6960
epoch [113/120] Global -- IoU: train = 0.8948, val = 0.7008
train: [0.84148738 0.87850777 0.96181885 0.81386611 0.9505593  0.89397099
 0.91571407]
val:[0.23076648 0.76210816 0.87391042 0.37140185 0.77964017 0.76218879
 0.67740939]
Local train:[0.81642372 0.85147233 0.95028477 0.7595445  0.9324436  0.85828116
 0.88383846]
Local val:[0.21300327 0.7555219  0.8714997  0.36123148 0.76720459 0.75795291
 0.66282156]
Global train:[0.82099187 0.87237872 0.95955503 0.80369406 0.94811731 0.87447387
 0.91056709]
Global val:[0.20463766 0.75915948 0.87317302 0.3674527  0.7793073  0.74846903
 0.67694705]
================================
epoch [114/120] IoU: train = 0.9020, val = 0.7053
epoch [114/120] Local  -- IoU: train = 0.8722, val = 0.6960
epoch [114/120] Global -- IoU: train = 0.8943, val = 0.7009
train: [0.82489464 0.87778064 0.96140762 0.81396558 0.94946698 0.89698423
 0.91256541]
val:[0.22493925 0.76165478 0.8740125  0.37845995 0.7796467  0.76299755
 0.67495669]
Local train:[0.80313959 0.85129357 0.95029026 0.75978092 0.9315413  0.86107292
 0.87926171]
Local val:[0.21300327 0.7555219  0.8714997  0.36123148 0.76720459 0.75795291
 0.66282156]
Global train:[0.81008252 0.87156499 0.95909977 0.80310811 0.94707298 0.87720866
 0.90760022]
Global val:[0.19192097 0.75800405 0.87327008 0.37201246 0.77914382 0.74881025
 0.67413789]
================================
epoch [115/120] IoU: train = 0.9029, val = 0.7036
epoch [115/120] Local  -- IoU: train = 0.8732, val = 0.6960
epoch [115/120] Global -- IoU: train = 0.8952, val = 0.6999
train: [0.83559746 0.87856368 0.96183897 0.8163483  0.95057402 0.89537285
 0.91449636]
val:[0.231818   0.75992685 0.87403024 0.37169838 0.77939922 0.76191275
 0.67477592]
Local train:[0.81416774 0.85209692 0.95059709 0.76102478 0.9311125  0.8611158
 0.88300392]
Local val:[0.21300327 0.7555219  0.8714997  0.36123148 0.76720459 0.75795291
 0.66282156]
Global train:[0.81573062 0.87286819 0.95934849 0.80502982 0.94799514 0.87596182
 0.90976429]
Global val:[0.19020453 0.75682062 0.87333077 0.36888904 0.77887956 0.74733316
 0.67392344]
================================
epoch [116/120] IoU: train = 0.9034, val = 0.7048
epoch [116/120] Local  -- IoU: train = 0.8738, val = 0.6960
epoch [116/120] Global -- IoU: train = 0.8954, val = 0.7012
train: [0.8295026  0.879321   0.96209884 0.81697171 0.95022546 0.89689592
 0.91510835]
val:[0.22622057 0.76147668 0.87399145 0.37582226 0.77890739 0.76361778
 0.67518802]
Local train:[0.79423461 0.85346655 0.95093862 0.76249535 0.9307034  0.86199689
 0.88342419]
Local val:[0.21300327 0.7555219  0.8714997  0.36123148 0.76720459 0.75795291
 0.66282156]
Global train:[0.81295898 0.87287103 0.95968047 0.80533378 0.94739187 0.87738935
 0.90979019]
Global val:[0.20301222 0.75752565 0.87322893 0.37304513 0.77897138 0.74971544
 0.6749124 ]
================================
epoch [117/120] IoU: train = 0.9025, val = 0.7040
epoch [117/120] Local  -- IoU: train = 0.8723, val = 0.6960
epoch [117/120] Global -- IoU: train = 0.8946, val = 0.7013
train: [0.83804469 0.8784816  0.96167219 0.81444427 0.95031223 0.89512399
 0.91479304]
val:[0.22829159 0.76364699 0.87393875 0.36726983 0.77969539 0.76331603
 0.67636775]
Local train:[0.81268834 0.85136519 0.95029476 0.75883965 0.92997634 0.85997136
 0.88328405]
Local val:[0.21300327 0.7555219  0.8714997  0.36123148 0.76720459 0.75795291
 0.66282156]
Global train:[0.82603444 0.87258726 0.95932198 0.8037166  0.94748695 0.87474611
 0.90982866]
Global val:[0.20138679 0.76005135 0.87329305 0.36966121 0.77951126 0.74935274
 0.67582511]
================================
epoch [118/120] IoU: train = 0.9025, val = 0.7047
epoch [118/120] Local  -- IoU: train = 0.8728, val = 0.6960
epoch [118/120] Global -- IoU: train = 0.8949, val = 0.7011
train: [0.83313026 0.87979133 0.96168565 0.81387144 0.95016044 0.89436589
 0.91528519]
val:[0.22737066 0.76150513 0.87416352 0.37397564 0.77965473 0.76323489
 0.67566835]
Local train:[0.802224   0.85249502 0.95023527 0.75893732 0.93140934 0.85934684
 0.88455095]
Local val:[0.21300327 0.7555219  0.8714997  0.36123148 0.76720459 0.75795291
 0.66282156]
Global train:[0.82359467 0.87374601 0.95940006 0.80386468 0.94752915 0.87450511
 0.9103053 ]
Global val:[0.20138679 0.75827276 0.87345086 0.37124891 0.77948678 0.74941396
 0.67469603]
================================
epoch [119/120] IoU: train = 0.9034, val = 0.7047
epoch [119/120] Local  -- IoU: train = 0.8731, val = 0.6960
epoch [119/120] Global -- IoU: train = 0.8954, val = 0.7012
train: [0.84484203 0.88027085 0.96209442 0.81597335 0.95012184 0.89551412
 0.9163009 ]
val:[0.22980226 0.76249981 0.87401109 0.37260308 0.7793598  0.76286275
 0.67697141]
Local train:[0.81141826 0.85274523 0.95049744 0.76013751 0.93236383 0.85881353
 0.88419594]
Local val:[0.21300327 0.7555219  0.8714997  0.36123148 0.76720459 0.75795291
 0.66282156]
Global train:[0.82519627 0.87365794 0.9597237  0.80507059 0.9475769  0.87567154
 0.91079574]
Global val:[0.19813593 0.75888354 0.87336038 0.37067366 0.77933275 0.74898072
 0.67604857]
================================
epoch [120/120] IoU: train = 0.9029, val = 0.7046
epoch [120/120] Local  -- IoU: train = 0.8730, val = 0.6960
epoch [120/120] Global -- IoU: train = 0.8949, val = 0.7009
train: [0.84939888 0.87709565 0.96182191 0.81753495 0.95052324 0.89668528
 0.91381782]
val:[0.227084   0.76260427 0.87401282 0.37359893 0.77916211 0.76238853
 0.67578862]
Local train:[0.81187643 0.84920083 0.95059456 0.76369691 0.93151142 0.86059682
 0.88227143]
Local val:[0.21300327 0.7555219  0.8714997  0.36123148 0.76720459 0.75795291
 0.66282156]
Global train:[0.83355835 0.870736   0.95955388 0.80651622 0.9476095  0.8765681
 0.90861815]
Global val:[0.19813593 0.75920561 0.8733036  0.3710205  0.77905038 0.74820664
 0.67482562]
================================
